<?xml version="1.0" encoding="UTF-8"?>
<robot generator="Robot 4.1.3 (Python 3.10.0 on darwin)" generated="20220224 20:50:26.858" rpa="false" schemaversion="2">
<suite id="s1" name="DDT" source="/Users/andikaprananto/PycharmProjects/Automation/Resources/DDT.robot">
<kw name="Opening My Browser" library="Resources" type="SETUP">
<kw name="Open Browser" library="SeleniumLibrary">
<arg>${URL}</arg>
<arg>${BROWSER}</arg>
<arg>false</arg>
<doc>Opens a new browser instance to the optional ``url``.</doc>
<msg timestamp="20220224 20:50:29.309" level="INFO">Opening browser 'chrome' to base url 'https://katalog.nurinnia.co.id/admin/'.</msg>
<status status="PASS" starttime="20220224 20:50:29.309" endtime="20220224 20:50:34.795"/>
</kw>
<kw name="Maximize Browser Window" library="SeleniumLibrary">
<doc>Maximizes current browser window.</doc>
<status status="PASS" starttime="20220224 20:50:34.795" endtime="20220224 20:50:34.950"/>
</kw>
<status status="PASS" starttime="20220224 20:50:29.308" endtime="20220224 20:50:34.950"/>
</kw>
<test id="s1-t1" name="LoginTestUsingExcel">
<kw name="InputDataUsingExcel">
<arg>nurinnia</arg>
<arg>Farrel110614</arg>
<arg>SARUNG TANGAN NYLON PU HITAM</arg>
<arg>10000</arg>
<arg>12000</arg>
<arg>1</arg>
<arg>8</arg>
<arg>500</arg>
<arg>PASANG</arg>
<arg>1</arg>
<arg>/Users/andikaprananto/Pictures/Work/1/pc50.png</arg>
<kw name="Wait Until Element Is Visible" library="SeleniumLibrary">
<arg>xpath=//input[@type='text']</arg>
<doc>Waits until the element ``locator`` is visible.</doc>
<status status="PASS" starttime="20220224 20:50:34.956" endtime="20220224 20:50:34.997"/>
</kw>
<kw name="Input Text" library="SeleniumLibrary">
<arg>xpath=//input[@type='text']</arg>
<arg>${name}</arg>
<doc>Types the given ``text`` into the text field identified by ``locator``.</doc>
<msg timestamp="20220224 20:50:34.997" level="INFO">Typing text 'nurinnia' into text field 'xpath=//input[@type='text']'.</msg>
<status status="PASS" starttime="20220224 20:50:34.997" endtime="20220224 20:50:35.172"/>
</kw>
<kw name="Input Text" library="SeleniumLibrary">
<arg>xpath=//input[@type='password']</arg>
<arg>${pwd}</arg>
<doc>Types the given ``text`` into the text field identified by ``locator``.</doc>
<msg timestamp="20220224 20:50:35.172" level="INFO">Typing text 'Farrel110614' into text field 'xpath=//input[@type='password']'.</msg>
<status status="PASS" starttime="20220224 20:50:35.172" endtime="20220224 20:50:35.306"/>
</kw>
<kw name="Click Element" library="SeleniumLibrary">
<arg>xpath=//input[@type='submit']</arg>
<doc>Click the element identified by ``locator``.</doc>
<msg timestamp="20220224 20:50:35.306" level="INFO">Clicking element 'xpath=//input[@type='submit']'.</msg>
<status status="PASS" starttime="20220224 20:50:35.306" endtime="20220224 20:50:35.646"/>
</kw>
<kw name="Click Element" library="SeleniumLibrary">
<arg>xpath=//span[contains(text(),'PRODUCT AREA')]</arg>
<doc>Click the element identified by ``locator``.</doc>
<msg timestamp="20220224 20:50:35.647" level="INFO">Clicking element 'xpath=//span[contains(text(),'PRODUCT AREA')]'.</msg>
<status status="PASS" starttime="20220224 20:50:35.646" endtime="20220224 20:50:35.724"/>
</kw>
<kw name="Wait Until Element Is Visible" library="SeleniumLibrary">
<arg>xpath=//a[contains(text(),'DATA PRODUCT')]</arg>
<doc>Waits until the element ``locator`` is visible.</doc>
<status status="PASS" starttime="20220224 20:50:35.724" endtime="20220224 20:50:35.765"/>
</kw>
<kw name="Click Element" library="SeleniumLibrary">
<arg>xpath=//a[contains(text(),'DATA PRODUCT')]</arg>
<doc>Click the element identified by ``locator``.</doc>
<msg timestamp="20220224 20:50:35.765" level="INFO">Clicking element 'xpath=//a[contains(text(),'DATA PRODUCT')]'.</msg>
<status status="PASS" starttime="20220224 20:50:35.765" endtime="20220224 20:50:56.849"/>
</kw>
<kw name="Wait Until Element Is Visible" library="SeleniumLibrary">
<arg>xpath=//a[@class='icon-btn pulse-grow']</arg>
<doc>Waits until the element ``locator`` is visible.</doc>
<status status="PASS" starttime="20220224 20:50:56.849" endtime="20220224 20:50:56.931"/>
</kw>
<kw name="Click Element" library="SeleniumLibrary">
<arg>xpath=//a[@class='icon-btn pulse-grow']</arg>
<doc>Click the element identified by ``locator``.</doc>
<msg timestamp="20220224 20:50:56.931" level="INFO">Clicking element 'xpath=//a[@class='icon-btn pulse-grow']'.</msg>
<status status="PASS" starttime="20220224 20:50:56.931" endtime="20220224 20:50:57.019"/>
</kw>
<kw name="Sleep" library="BuiltIn">
<arg>2s</arg>
<doc>Pauses the test executed for the given time.</doc>
<msg timestamp="20220224 20:50:59.021" level="INFO">Slept 2 seconds</msg>
<status status="PASS" starttime="20220224 20:50:57.020" endtime="20220224 20:50:59.021"/>
</kw>
<kw name="Input Text" library="SeleniumLibrary">
<arg>xpath=//*[@id="judul"]</arg>
<arg>${prod}</arg>
<doc>Types the given ``text`` into the text field identified by ``locator``.</doc>
<msg timestamp="20220224 20:50:59.023" level="INFO">Typing text 'SARUNG TANGAN NYLON PU HITAM' into text field 'xpath=//*[@id="judul"]'.</msg>
<status status="PASS" starttime="20220224 20:50:59.022" endtime="20220224 20:50:59.269"/>
</kw>
<kw name="Sleep" library="BuiltIn">
<arg>2s</arg>
<doc>Pauses the test executed for the given time.</doc>
<msg timestamp="20220224 20:51:01.270" level="INFO">Slept 2 seconds</msg>
<status status="PASS" starttime="20220224 20:50:59.269" endtime="20220224 20:51:01.271"/>
</kw>
<kw name="Input Text" library="SeleniumLibrary">
<arg>xpath=//*[@id="harga"]</arg>
<arg>${jbdtk}</arg>
<doc>Types the given ``text`` into the text field identified by ``locator``.</doc>
<msg timestamp="20220224 20:51:01.272" level="INFO">Typing text '10000' into text field 'xpath=//*[@id="harga"]'.</msg>
<status status="PASS" starttime="20220224 20:51:01.271" endtime="20220224 20:51:01.394"/>
</kw>
<kw name="Sleep" library="BuiltIn">
<arg>2s</arg>
<doc>Pauses the test executed for the given time.</doc>
<msg timestamp="20220224 20:51:03.397" level="INFO">Slept 2 seconds</msg>
<status status="PASS" starttime="20220224 20:51:01.395" endtime="20220224 20:51:03.397"/>
</kw>
<kw name="Input Text" library="SeleniumLibrary">
<arg>xpath=//*[@id="harga1"]</arg>
<arg>${jt}</arg>
<doc>Types the given ``text`` into the text field identified by ``locator``.</doc>
<msg timestamp="20220224 20:51:03.398" level="INFO">Typing text '12000' into text field 'xpath=//*[@id="harga1"]'.</msg>
<status status="PASS" starttime="20220224 20:51:03.398" endtime="20220224 20:51:03.532"/>
</kw>
<kw name="Sleep" library="BuiltIn">
<arg>2s</arg>
<doc>Pauses the test executed for the given time.</doc>
<msg timestamp="20220224 20:51:05.535" level="INFO">Slept 2 seconds</msg>
<status status="PASS" starttime="20220224 20:51:03.532" endtime="20220224 20:51:05.535"/>
</kw>
<kw name="Input Text" library="SeleniumLibrary">
<arg>xpath=//*[@id="tipeukuran"]</arg>
<arg>${size}</arg>
<doc>Types the given ``text`` into the text field identified by ``locator``.</doc>
<msg timestamp="20220224 20:51:05.537" level="INFO">Typing text '1' into text field 'xpath=//*[@id="tipeukuran"]'.</msg>
<status status="PASS" starttime="20220224 20:51:05.536" endtime="20220224 20:51:05.641"/>
</kw>
<kw name="Sleep" library="BuiltIn">
<arg>2s</arg>
<doc>Pauses the test executed for the given time.</doc>
<msg timestamp="20220224 20:51:07.643" level="INFO">Slept 2 seconds</msg>
<status status="PASS" starttime="20220224 20:51:05.641" endtime="20220224 20:51:07.643"/>
</kw>
<kw name="Click Element" library="SeleniumLibrary">
<arg>xpath=//*[@id="kategori"]</arg>
<doc>Click the element identified by ``locator``.</doc>
<msg timestamp="20220224 20:51:07.644" level="INFO">Clicking element 'xpath=//*[@id="kategori"]'.</msg>
<status status="PASS" starttime="20220224 20:51:07.643" endtime="20220224 20:51:07.782"/>
</kw>
<kw name="Wait Until Element Is Visible" library="SeleniumLibrary">
<arg>xpath=/html/body/div[2]/div/div/div[2]/form/div/div/div[5]/select/option[${kat}]</arg>
<doc>Waits until the element ``locator`` is visible.</doc>
<status status="PASS" starttime="20220224 20:51:07.782" endtime="20220224 20:51:07.816"/>
</kw>
<kw name="Click Element" library="SeleniumLibrary">
<arg>xpath=/html/body/div[2]/div/div/div[2]/form/div/div/div[5]/select/option[${kat}]</arg>
<doc>Click the element identified by ``locator``.</doc>
<msg timestamp="20220224 20:51:07.817" level="INFO">Clicking element 'xpath=/html/body/div[2]/div/div/div[2]/form/div/div/div[5]/select/option[8]'.</msg>
<status status="PASS" starttime="20220224 20:51:07.816" endtime="20220224 20:51:08.147"/>
</kw>
<kw name="Sleep" library="BuiltIn">
<arg>2s</arg>
<doc>Pauses the test executed for the given time.</doc>
<msg timestamp="20220224 20:51:10.149" level="INFO">Slept 2 seconds</msg>
<status status="PASS" starttime="20220224 20:51:08.148" endtime="20220224 20:51:10.149"/>
</kw>
<kw name="Input Text" library="SeleniumLibrary">
<arg>xpath=//*[@id="stok"]</arg>
<arg>${stcok}</arg>
<doc>Types the given ``text`` into the text field identified by ``locator``.</doc>
<msg timestamp="20220224 20:51:10.150" level="INFO">Typing text '500' into text field 'xpath=//*[@id="stok"]'.</msg>
<status status="PASS" starttime="20220224 20:51:10.149" endtime="20220224 20:51:10.515"/>
</kw>
<kw name="Input Text" library="SeleniumLibrary">
<arg>xpath=//*[@id="pengarang"]</arg>
<arg>${satuan}</arg>
<doc>Types the given ``text`` into the text field identified by ``locator``.</doc>
<msg timestamp="20220224 20:51:10.515" level="INFO">Typing text 'PASANG' into text field 'xpath=//*[@id="pengarang"]'.</msg>
<status status="PASS" starttime="20220224 20:51:10.515" endtime="20220224 20:51:10.633"/>
</kw>
<kw name="Input Text" library="SeleniumLibrary">
<arg>xpath=//*[@id="penerbit"]</arg>
<arg>${qty}</arg>
<doc>Types the given ``text`` into the text field identified by ``locator``.</doc>
<msg timestamp="20220224 20:51:10.634" level="INFO">Typing text '1' into text field 'xpath=//*[@id="penerbit"]'.</msg>
<status status="PASS" starttime="20220224 20:51:10.633" endtime="20220224 20:51:10.746"/>
</kw>
<kw name="Wait Until Element Is Visible" library="SeleniumLibrary">
<arg>xpath=//*[@id="cover"]</arg>
<arg>2s</arg>
<doc>Waits until the element ``locator`` is visible.</doc>
<status status="PASS" starttime="20220224 20:51:10.747" endtime="20220224 20:51:10.776"/>
</kw>
<kw name="Choose File" library="SeleniumLibrary">
<arg>xpath=//*[@id="cover"]</arg>
<arg>${url}</arg>
<doc>Inputs the ``file_path`` into the file input field ``locator``.</doc>
<msg timestamp="20220224 20:51:10.778" level="INFO">Sending /Users/andikaprananto/Pictures/Work/1/pc50.png to browser.</msg>
<status status="PASS" starttime="20220224 20:51:10.777" endtime="20220224 20:51:10.852"/>
</kw>
<kw name="Sleep" library="BuiltIn">
<arg>2s</arg>
<doc>Pauses the test executed for the given time.</doc>
<msg timestamp="20220224 20:51:12.854" level="INFO">Slept 2 seconds</msg>
<status status="PASS" starttime="20220224 20:51:10.852" endtime="20220224 20:51:12.854"/>
</kw>
<kw name="Click Element" library="SeleniumLibrary">
<arg>xpath=//button[contains(text(),'Tambah')]</arg>
<doc>Click the element identified by ``locator``.</doc>
<msg timestamp="20220224 20:51:12.855" level="INFO">Clicking element 'xpath=//button[contains(text(),'Tambah')]'.</msg>
<status status="PASS" starttime="20220224 20:51:12.855" endtime="20220224 20:51:23.282"/>
</kw>
<kw name="Go To" library="SeleniumLibrary">
<arg>https://katalog.nurinnia.co.id/admin/index.php</arg>
<doc>Navigates the current browser window to the provided ``url``.</doc>
<msg timestamp="20220224 20:51:23.283" level="INFO">Opening url 'https://katalog.nurinnia.co.id/admin/index.php'</msg>
<status status="PASS" starttime="20220224 20:51:23.283" endtime="20220224 20:51:23.468"/>
</kw>
<kw name="Sleep" library="BuiltIn">
<arg>2s</arg>
<doc>Pauses the test executed for the given time.</doc>
<msg timestamp="20220224 20:51:25.470" level="INFO">Slept 2 seconds</msg>
<status status="PASS" starttime="20220224 20:51:23.468" endtime="20220224 20:51:25.470"/>
</kw>
<kw name="Wait Until Element Is Visible" library="SeleniumLibrary">
<arg>xpath=//span[contains(text(),'LOGOUT')]</arg>
<doc>Waits until the element ``locator`` is visible.</doc>
<status status="PASS" starttime="20220224 20:51:25.471" endtime="20220224 20:51:25.502"/>
</kw>
<kw name="Click Element" library="SeleniumLibrary">
<arg>xpath=//span[contains(text(),'LOGOUT')]</arg>
<doc>Click the element identified by ``locator``.</doc>
<msg timestamp="20220224 20:51:25.503" level="INFO">Clicking element 'xpath=//span[contains(text(),'LOGOUT')]'.</msg>
<status status="PASS" starttime="20220224 20:51:25.502" endtime="20220224 20:51:25.568"/>
</kw>
<kw name="Wait Until Element Is Visible" library="SeleniumLibrary">
<arg>xpath=//a[@class='c-btn large blue-bg']</arg>
<doc>Waits until the element ``locator`` is visible.</doc>
<status status="PASS" starttime="20220224 20:51:25.569" endtime="20220224 20:51:25.832"/>
</kw>
<kw name="Click Element" library="SeleniumLibrary">
<arg>xpath=//a[@class='c-btn large blue-bg']</arg>
<doc>Click the element identified by ``locator``.</doc>
<msg timestamp="20220224 20:51:25.832" level="INFO">Clicking element 'xpath=//a[@class='c-btn large blue-bg']'.</msg>
<status status="PASS" starttime="20220224 20:51:25.832" endtime="20220224 20:51:26.146"/>
</kw>
<status status="PASS" starttime="20220224 20:50:34.953" endtime="20220224 20:51:26.146"/>
</kw>
<status status="PASS" starttime="20220224 20:50:34.951" endtime="20220224 20:51:26.147"/>
</test>
<test id="s1-t2" name="LoginTestUsingExcel">
<kw name="InputDataUsingExcel">
<arg>nurinnia</arg>
<arg>Farrel110614</arg>
<arg>SARUNG TANGAN NYLON PU PUTIH</arg>
<arg>6875</arg>
<arg>8250</arg>
<arg>1</arg>
<arg>8</arg>
<arg>500</arg>
<arg>PASANG</arg>
<arg>1</arg>
<arg>/Users/andikaprananto/Pictures/Work/1/PC51.png</arg>
<kw name="Wait Until Element Is Visible" library="SeleniumLibrary">
<arg>xpath=//input[@type='text']</arg>
<doc>Waits until the element ``locator`` is visible.</doc>
<status status="PASS" starttime="20220224 20:51:26.152" endtime="20220224 20:51:26.188"/>
</kw>
<kw name="Input Text" library="SeleniumLibrary">
<arg>xpath=//input[@type='text']</arg>
<arg>${name}</arg>
<doc>Types the given ``text`` into the text field identified by ``locator``.</doc>
<msg timestamp="20220224 20:51:26.189" level="INFO">Typing text 'nurinnia' into text field 'xpath=//input[@type='text']'.</msg>
<status status="PASS" starttime="20220224 20:51:26.188" endtime="20220224 20:51:26.293"/>
</kw>
<kw name="Input Text" library="SeleniumLibrary">
<arg>xpath=//input[@type='password']</arg>
<arg>${pwd}</arg>
<doc>Types the given ``text`` into the text field identified by ``locator``.</doc>
<msg timestamp="20220224 20:51:26.294" level="INFO">Typing text 'Farrel110614' into text field 'xpath=//input[@type='password']'.</msg>
<status status="PASS" starttime="20220224 20:51:26.293" endtime="20220224 20:51:26.410"/>
</kw>
<kw name="Click Element" library="SeleniumLibrary">
<arg>xpath=//input[@type='submit']</arg>
<doc>Click the element identified by ``locator``.</doc>
<msg timestamp="20220224 20:51:26.411" level="INFO">Clicking element 'xpath=//input[@type='submit']'.</msg>
<status status="PASS" starttime="20220224 20:51:26.410" endtime="20220224 20:51:26.669"/>
</kw>
<kw name="Click Element" library="SeleniumLibrary">
<arg>xpath=//span[contains(text(),'PRODUCT AREA')]</arg>
<doc>Click the element identified by ``locator``.</doc>
<msg timestamp="20220224 20:51:26.670" level="INFO">Clicking element 'xpath=//span[contains(text(),'PRODUCT AREA')]'.</msg>
<status status="PASS" starttime="20220224 20:51:26.669" endtime="20220224 20:51:26.784"/>
</kw>
<kw name="Wait Until Element Is Visible" library="SeleniumLibrary">
<arg>xpath=//a[contains(text(),'DATA PRODUCT')]</arg>
<doc>Waits until the element ``locator`` is visible.</doc>
<status status="PASS" starttime="20220224 20:51:26.784" endtime="20220224 20:51:26.867"/>
</kw>
<kw name="Click Element" library="SeleniumLibrary">
<arg>xpath=//a[contains(text(),'DATA PRODUCT')]</arg>
<doc>Click the element identified by ``locator``.</doc>
<msg timestamp="20220224 20:51:26.868" level="INFO">Clicking element 'xpath=//a[contains(text(),'DATA PRODUCT')]'.</msg>
<status status="PASS" starttime="20220224 20:51:26.868" endtime="20220224 20:51:28.518"/>
</kw>
<kw name="Wait Until Element Is Visible" library="SeleniumLibrary">
<arg>xpath=//a[@class='icon-btn pulse-grow']</arg>
<doc>Waits until the element ``locator`` is visible.</doc>
<status status="PASS" starttime="20220224 20:51:28.520" endtime="20220224 20:51:28.554"/>
</kw>
<kw name="Click Element" library="SeleniumLibrary">
<arg>xpath=//a[@class='icon-btn pulse-grow']</arg>
<doc>Click the element identified by ``locator``.</doc>
<msg timestamp="20220224 20:51:28.556" level="INFO">Clicking element 'xpath=//a[@class='icon-btn pulse-grow']'.</msg>
<status status="PASS" starttime="20220224 20:51:28.555" endtime="20220224 20:51:28.688"/>
</kw>
<kw name="Sleep" library="BuiltIn">
<arg>2s</arg>
<doc>Pauses the test executed for the given time.</doc>
<msg timestamp="20220224 20:51:30.691" level="INFO">Slept 2 seconds</msg>
<status status="PASS" starttime="20220224 20:51:28.689" endtime="20220224 20:51:30.692"/>
</kw>
<kw name="Input Text" library="SeleniumLibrary">
<arg>xpath=//*[@id="judul"]</arg>
<arg>${prod}</arg>
<doc>Types the given ``text`` into the text field identified by ``locator``.</doc>
<msg timestamp="20220224 20:51:30.692" level="INFO">Typing text 'SARUNG TANGAN NYLON PU PUTIH' into text field 'xpath=//*[@id="judul"]'.</msg>
<status status="PASS" starttime="20220224 20:51:30.692" endtime="20220224 20:51:30.945"/>
</kw>
<kw name="Sleep" library="BuiltIn">
<arg>2s</arg>
<doc>Pauses the test executed for the given time.</doc>
<msg timestamp="20220224 20:51:32.946" level="INFO">Slept 2 seconds</msg>
<status status="PASS" starttime="20220224 20:51:30.946" endtime="20220224 20:51:32.946"/>
</kw>
<kw name="Input Text" library="SeleniumLibrary">
<arg>xpath=//*[@id="harga"]</arg>
<arg>${jbdtk}</arg>
<doc>Types the given ``text`` into the text field identified by ``locator``.</doc>
<msg timestamp="20220224 20:51:32.947" level="INFO">Typing text '6875' into text field 'xpath=//*[@id="harga"]'.</msg>
<status status="PASS" starttime="20220224 20:51:32.947" endtime="20220224 20:51:33.128"/>
</kw>
<kw name="Sleep" library="BuiltIn">
<arg>2s</arg>
<doc>Pauses the test executed for the given time.</doc>
<msg timestamp="20220224 20:51:35.130" level="INFO">Slept 2 seconds</msg>
<status status="PASS" starttime="20220224 20:51:33.129" endtime="20220224 20:51:35.130"/>
</kw>
<kw name="Input Text" library="SeleniumLibrary">
<arg>xpath=//*[@id="harga1"]</arg>
<arg>${jt}</arg>
<doc>Types the given ``text`` into the text field identified by ``locator``.</doc>
<msg timestamp="20220224 20:51:35.131" level="INFO">Typing text '8250' into text field 'xpath=//*[@id="harga1"]'.</msg>
<status status="PASS" starttime="20220224 20:51:35.130" endtime="20220224 20:51:35.286"/>
</kw>
<kw name="Sleep" library="BuiltIn">
<arg>2s</arg>
<doc>Pauses the test executed for the given time.</doc>
<msg timestamp="20220224 20:51:37.289" level="INFO">Slept 2 seconds</msg>
<status status="PASS" starttime="20220224 20:51:35.286" endtime="20220224 20:51:37.289"/>
</kw>
<kw name="Input Text" library="SeleniumLibrary">
<arg>xpath=//*[@id="tipeukuran"]</arg>
<arg>${size}</arg>
<doc>Types the given ``text`` into the text field identified by ``locator``.</doc>
<msg timestamp="20220224 20:51:37.290" level="INFO">Typing text '1' into text field 'xpath=//*[@id="tipeukuran"]'.</msg>
<status status="PASS" starttime="20220224 20:51:37.290" endtime="20220224 20:51:37.384"/>
</kw>
<kw name="Sleep" library="BuiltIn">
<arg>2s</arg>
<doc>Pauses the test executed for the given time.</doc>
<msg timestamp="20220224 20:51:39.385" level="INFO">Slept 2 seconds</msg>
<status status="PASS" starttime="20220224 20:51:37.384" endtime="20220224 20:51:39.386"/>
</kw>
<kw name="Click Element" library="SeleniumLibrary">
<arg>xpath=//*[@id="kategori"]</arg>
<doc>Click the element identified by ``locator``.</doc>
<msg timestamp="20220224 20:51:39.387" level="INFO">Clicking element 'xpath=//*[@id="kategori"]'.</msg>
<status status="PASS" starttime="20220224 20:51:39.386" endtime="20220224 20:51:39.501"/>
</kw>
<kw name="Wait Until Element Is Visible" library="SeleniumLibrary">
<arg>xpath=/html/body/div[2]/div/div/div[2]/form/div/div/div[5]/select/option[${kat}]</arg>
<doc>Waits until the element ``locator`` is visible.</doc>
<status status="PASS" starttime="20220224 20:51:39.501" endtime="20220224 20:51:39.546"/>
</kw>
<kw name="Click Element" library="SeleniumLibrary">
<arg>xpath=/html/body/div[2]/div/div/div[2]/form/div/div/div[5]/select/option[${kat}]</arg>
<doc>Click the element identified by ``locator``.</doc>
<msg timestamp="20220224 20:51:39.547" level="INFO">Clicking element 'xpath=/html/body/div[2]/div/div/div[2]/form/div/div/div[5]/select/option[8]'.</msg>
<status status="PASS" starttime="20220224 20:51:39.547" endtime="20220224 20:51:39.884"/>
</kw>
<kw name="Sleep" library="BuiltIn">
<arg>2s</arg>
<doc>Pauses the test executed for the given time.</doc>
<msg timestamp="20220224 20:51:41.884" level="INFO">Slept 2 seconds</msg>
<status status="PASS" starttime="20220224 20:51:39.884" endtime="20220224 20:51:41.885"/>
</kw>
<kw name="Input Text" library="SeleniumLibrary">
<arg>xpath=//*[@id="stok"]</arg>
<arg>${stcok}</arg>
<doc>Types the given ``text`` into the text field identified by ``locator``.</doc>
<msg timestamp="20220224 20:51:41.886" level="INFO">Typing text '500' into text field 'xpath=//*[@id="stok"]'.</msg>
<status status="PASS" starttime="20220224 20:51:41.885" endtime="20220224 20:51:42.229"/>
</kw>
<kw name="Input Text" library="SeleniumLibrary">
<arg>xpath=//*[@id="pengarang"]</arg>
<arg>${satuan}</arg>
<doc>Types the given ``text`` into the text field identified by ``locator``.</doc>
<msg timestamp="20220224 20:51:42.229" level="INFO">Typing text 'PASANG' into text field 'xpath=//*[@id="pengarang"]'.</msg>
<status status="PASS" starttime="20220224 20:51:42.229" endtime="20220224 20:51:42.335"/>
</kw>
<kw name="Input Text" library="SeleniumLibrary">
<arg>xpath=//*[@id="penerbit"]</arg>
<arg>${qty}</arg>
<doc>Types the given ``text`` into the text field identified by ``locator``.</doc>
<msg timestamp="20220224 20:51:42.335" level="INFO">Typing text '1' into text field 'xpath=//*[@id="penerbit"]'.</msg>
<status status="PASS" starttime="20220224 20:51:42.335" endtime="20220224 20:51:42.434"/>
</kw>
<kw name="Wait Until Element Is Visible" library="SeleniumLibrary">
<arg>xpath=//*[@id="cover"]</arg>
<arg>2s</arg>
<doc>Waits until the element ``locator`` is visible.</doc>
<status status="PASS" starttime="20220224 20:51:42.434" endtime="20220224 20:51:42.462"/>
</kw>
<kw name="Choose File" library="SeleniumLibrary">
<arg>xpath=//*[@id="cover"]</arg>
<arg>${url}</arg>
<doc>Inputs the ``file_path`` into the file input field ``locator``.</doc>
<msg timestamp="20220224 20:51:42.462" level="INFO">Sending /Users/andikaprananto/Pictures/Work/1/PC51.png to browser.</msg>
<status status="PASS" starttime="20220224 20:51:42.462" endtime="20220224 20:51:42.512"/>
</kw>
<kw name="Sleep" library="BuiltIn">
<arg>2s</arg>
<doc>Pauses the test executed for the given time.</doc>
<msg timestamp="20220224 20:51:44.513" level="INFO">Slept 2 seconds</msg>
<status status="PASS" starttime="20220224 20:51:42.512" endtime="20220224 20:51:44.513"/>
</kw>
<kw name="Click Element" library="SeleniumLibrary">
<arg>xpath=//button[contains(text(),'Tambah')]</arg>
<doc>Click the element identified by ``locator``.</doc>
<msg timestamp="20220224 20:51:44.513" level="INFO">Clicking element 'xpath=//button[contains(text(),'Tambah')]'.</msg>
<status status="PASS" starttime="20220224 20:51:44.513" endtime="20220224 20:51:51.619"/>
</kw>
<kw name="Go To" library="SeleniumLibrary">
<arg>https://katalog.nurinnia.co.id/admin/index.php</arg>
<doc>Navigates the current browser window to the provided ``url``.</doc>
<msg timestamp="20220224 20:51:51.620" level="INFO">Opening url 'https://katalog.nurinnia.co.id/admin/index.php'</msg>
<status status="PASS" starttime="20220224 20:51:51.619" endtime="20220224 20:51:51.810"/>
</kw>
<kw name="Sleep" library="BuiltIn">
<arg>2s</arg>
<doc>Pauses the test executed for the given time.</doc>
<msg timestamp="20220224 20:51:53.813" level="INFO">Slept 2 seconds</msg>
<status status="PASS" starttime="20220224 20:51:51.810" endtime="20220224 20:51:53.815"/>
</kw>
<kw name="Wait Until Element Is Visible" library="SeleniumLibrary">
<arg>xpath=//span[contains(text(),'LOGOUT')]</arg>
<doc>Waits until the element ``locator`` is visible.</doc>
<status status="PASS" starttime="20220224 20:51:53.815" endtime="20220224 20:51:53.854"/>
</kw>
<kw name="Click Element" library="SeleniumLibrary">
<arg>xpath=//span[contains(text(),'LOGOUT')]</arg>
<doc>Click the element identified by ``locator``.</doc>
<msg timestamp="20220224 20:51:53.854" level="INFO">Clicking element 'xpath=//span[contains(text(),'LOGOUT')]'.</msg>
<status status="PASS" starttime="20220224 20:51:53.854" endtime="20220224 20:51:53.914"/>
</kw>
<kw name="Wait Until Element Is Visible" library="SeleniumLibrary">
<arg>xpath=//a[@class='c-btn large blue-bg']</arg>
<doc>Waits until the element ``locator`` is visible.</doc>
<status status="PASS" starttime="20220224 20:51:53.914" endtime="20220224 20:51:54.177"/>
</kw>
<kw name="Click Element" library="SeleniumLibrary">
<arg>xpath=//a[@class='c-btn large blue-bg']</arg>
<doc>Click the element identified by ``locator``.</doc>
<msg timestamp="20220224 20:51:54.179" level="INFO">Clicking element 'xpath=//a[@class='c-btn large blue-bg']'.</msg>
<status status="PASS" starttime="20220224 20:51:54.178" endtime="20220224 20:51:54.461"/>
</kw>
<status status="PASS" starttime="20220224 20:51:26.150" endtime="20220224 20:51:54.462"/>
</kw>
<status status="PASS" starttime="20220224 20:51:26.148" endtime="20220224 20:51:54.462"/>
</test>
<test id="s1-t3" name="LoginTestUsingExcel">
<kw name="InputDataUsingExcel">
<arg>nurinnia</arg>
<arg>Farrel110614</arg>
<arg>CLIP LOCK ROOF 5 RINNIA</arg>
<arg>160370</arg>
<arg>229100</arg>
<arg>1</arg>
<arg>9</arg>
<arg>5000</arg>
<arg>PCS</arg>
<arg>1</arg>
<arg>/Users/andikaprananto/Pictures/Work/1/PC52.png</arg>
<kw name="Wait Until Element Is Visible" library="SeleniumLibrary">
<arg>xpath=//input[@type='text']</arg>
<doc>Waits until the element ``locator`` is visible.</doc>
<status status="PASS" starttime="20220224 20:51:54.468" endtime="20220224 20:51:54.500"/>
</kw>
<kw name="Input Text" library="SeleniumLibrary">
<arg>xpath=//input[@type='text']</arg>
<arg>${name}</arg>
<doc>Types the given ``text`` into the text field identified by ``locator``.</doc>
<msg timestamp="20220224 20:51:54.501" level="INFO">Typing text 'nurinnia' into text field 'xpath=//input[@type='text']'.</msg>
<status status="PASS" starttime="20220224 20:51:54.500" endtime="20220224 20:51:54.603"/>
</kw>
<kw name="Input Text" library="SeleniumLibrary">
<arg>xpath=//input[@type='password']</arg>
<arg>${pwd}</arg>
<doc>Types the given ``text`` into the text field identified by ``locator``.</doc>
<msg timestamp="20220224 20:51:54.603" level="INFO">Typing text 'Farrel110614' into text field 'xpath=//input[@type='password']'.</msg>
<status status="PASS" starttime="20220224 20:51:54.603" endtime="20220224 20:51:54.733"/>
</kw>
<kw name="Click Element" library="SeleniumLibrary">
<arg>xpath=//input[@type='submit']</arg>
<doc>Click the element identified by ``locator``.</doc>
<msg timestamp="20220224 20:51:54.734" level="INFO">Clicking element 'xpath=//input[@type='submit']'.</msg>
<status status="PASS" starttime="20220224 20:51:54.734" endtime="20220224 20:51:54.986"/>
</kw>
<kw name="Click Element" library="SeleniumLibrary">
<arg>xpath=//span[contains(text(),'PRODUCT AREA')]</arg>
<doc>Click the element identified by ``locator``.</doc>
<msg timestamp="20220224 20:51:54.988" level="INFO">Clicking element 'xpath=//span[contains(text(),'PRODUCT AREA')]'.</msg>
<status status="PASS" starttime="20220224 20:51:54.987" endtime="20220224 20:51:55.103"/>
</kw>
<kw name="Wait Until Element Is Visible" library="SeleniumLibrary">
<arg>xpath=//a[contains(text(),'DATA PRODUCT')]</arg>
<doc>Waits until the element ``locator`` is visible.</doc>
<status status="PASS" starttime="20220224 20:51:55.104" endtime="20220224 20:51:55.191"/>
</kw>
<kw name="Click Element" library="SeleniumLibrary">
<arg>xpath=//a[contains(text(),'DATA PRODUCT')]</arg>
<doc>Click the element identified by ``locator``.</doc>
<msg timestamp="20220224 20:51:55.192" level="INFO">Clicking element 'xpath=//a[contains(text(),'DATA PRODUCT')]'.</msg>
<status status="PASS" starttime="20220224 20:51:55.191" endtime="20220224 20:51:57.228"/>
</kw>
<kw name="Wait Until Element Is Visible" library="SeleniumLibrary">
<arg>xpath=//a[@class='icon-btn pulse-grow']</arg>
<doc>Waits until the element ``locator`` is visible.</doc>
<status status="PASS" starttime="20220224 20:51:57.228" endtime="20220224 20:51:57.266"/>
</kw>
<kw name="Click Element" library="SeleniumLibrary">
<arg>xpath=//a[@class='icon-btn pulse-grow']</arg>
<doc>Click the element identified by ``locator``.</doc>
<msg timestamp="20220224 20:51:57.267" level="INFO">Clicking element 'xpath=//a[@class='icon-btn pulse-grow']'.</msg>
<status status="PASS" starttime="20220224 20:51:57.266" endtime="20220224 20:51:57.384"/>
</kw>
<kw name="Sleep" library="BuiltIn">
<arg>2s</arg>
<doc>Pauses the test executed for the given time.</doc>
<msg timestamp="20220224 20:51:59.387" level="INFO">Slept 2 seconds</msg>
<status status="PASS" starttime="20220224 20:51:57.385" endtime="20220224 20:51:59.387"/>
</kw>
<kw name="Input Text" library="SeleniumLibrary">
<arg>xpath=//*[@id="judul"]</arg>
<arg>${prod}</arg>
<doc>Types the given ``text`` into the text field identified by ``locator``.</doc>
<msg timestamp="20220224 20:51:59.389" level="INFO">Typing text 'CLIP LOCK ROOF 5 RINNIA' into text field 'xpath=//*[@id="judul"]'.</msg>
<status status="PASS" starttime="20220224 20:51:59.388" endtime="20220224 20:51:59.585"/>
</kw>
<kw name="Sleep" library="BuiltIn">
<arg>2s</arg>
<doc>Pauses the test executed for the given time.</doc>
<msg timestamp="20220224 20:52:01.588" level="INFO">Slept 2 seconds</msg>
<status status="PASS" starttime="20220224 20:51:59.586" endtime="20220224 20:52:01.588"/>
</kw>
<kw name="Input Text" library="SeleniumLibrary">
<arg>xpath=//*[@id="harga"]</arg>
<arg>${jbdtk}</arg>
<doc>Types the given ``text`` into the text field identified by ``locator``.</doc>
<msg timestamp="20220224 20:52:01.589" level="INFO">Typing text '160370' into text field 'xpath=//*[@id="harga"]'.</msg>
<status status="PASS" starttime="20220224 20:52:01.588" endtime="20220224 20:52:01.697"/>
</kw>
<kw name="Sleep" library="BuiltIn">
<arg>2s</arg>
<doc>Pauses the test executed for the given time.</doc>
<msg timestamp="20220224 20:52:03.699" level="INFO">Slept 2 seconds</msg>
<status status="PASS" starttime="20220224 20:52:01.697" endtime="20220224 20:52:03.699"/>
</kw>
<kw name="Input Text" library="SeleniumLibrary">
<arg>xpath=//*[@id="harga1"]</arg>
<arg>${jt}</arg>
<doc>Types the given ``text`` into the text field identified by ``locator``.</doc>
<msg timestamp="20220224 20:52:03.700" level="INFO">Typing text '229100' into text field 'xpath=//*[@id="harga1"]'.</msg>
<status status="PASS" starttime="20220224 20:52:03.700" endtime="20220224 20:52:03.818"/>
</kw>
<kw name="Sleep" library="BuiltIn">
<arg>2s</arg>
<doc>Pauses the test executed for the given time.</doc>
<msg timestamp="20220224 20:52:05.819" level="INFO">Slept 2 seconds</msg>
<status status="PASS" starttime="20220224 20:52:03.818" endtime="20220224 20:52:05.819"/>
</kw>
<kw name="Input Text" library="SeleniumLibrary">
<arg>xpath=//*[@id="tipeukuran"]</arg>
<arg>${size}</arg>
<doc>Types the given ``text`` into the text field identified by ``locator``.</doc>
<msg timestamp="20220224 20:52:05.820" level="INFO">Typing text '1' into text field 'xpath=//*[@id="tipeukuran"]'.</msg>
<status status="PASS" starttime="20220224 20:52:05.820" endtime="20220224 20:52:05.917"/>
</kw>
<kw name="Sleep" library="BuiltIn">
<arg>2s</arg>
<doc>Pauses the test executed for the given time.</doc>
<msg timestamp="20220224 20:52:07.918" level="INFO">Slept 2 seconds</msg>
<status status="PASS" starttime="20220224 20:52:05.917" endtime="20220224 20:52:07.918"/>
</kw>
<kw name="Click Element" library="SeleniumLibrary">
<arg>xpath=//*[@id="kategori"]</arg>
<doc>Click the element identified by ``locator``.</doc>
<msg timestamp="20220224 20:52:07.919" level="INFO">Clicking element 'xpath=//*[@id="kategori"]'.</msg>
<status status="PASS" starttime="20220224 20:52:07.919" endtime="20220224 20:52:08.023"/>
</kw>
<kw name="Wait Until Element Is Visible" library="SeleniumLibrary">
<arg>xpath=/html/body/div[2]/div/div/div[2]/form/div/div/div[5]/select/option[${kat}]</arg>
<doc>Waits until the element ``locator`` is visible.</doc>
<status status="PASS" starttime="20220224 20:52:08.023" endtime="20220224 20:52:08.057"/>
</kw>
<kw name="Click Element" library="SeleniumLibrary">
<arg>xpath=/html/body/div[2]/div/div/div[2]/form/div/div/div[5]/select/option[${kat}]</arg>
<doc>Click the element identified by ``locator``.</doc>
<msg timestamp="20220224 20:52:08.059" level="INFO">Clicking element 'xpath=/html/body/div[2]/div/div/div[2]/form/div/div/div[5]/select/option[9]'.</msg>
<status status="PASS" starttime="20220224 20:52:08.058" endtime="20220224 20:52:08.373"/>
</kw>
<kw name="Sleep" library="BuiltIn">
<arg>2s</arg>
<doc>Pauses the test executed for the given time.</doc>
<msg timestamp="20220224 20:52:10.375" level="INFO">Slept 2 seconds</msg>
<status status="PASS" starttime="20220224 20:52:08.373" endtime="20220224 20:52:10.375"/>
</kw>
<kw name="Input Text" library="SeleniumLibrary">
<arg>xpath=//*[@id="stok"]</arg>
<arg>${stcok}</arg>
<doc>Types the given ``text`` into the text field identified by ``locator``.</doc>
<msg timestamp="20220224 20:52:10.376" level="INFO">Typing text '5000' into text field 'xpath=//*[@id="stok"]'.</msg>
<status status="PASS" starttime="20220224 20:52:10.376" endtime="20220224 20:52:10.725"/>
</kw>
<kw name="Input Text" library="SeleniumLibrary">
<arg>xpath=//*[@id="pengarang"]</arg>
<arg>${satuan}</arg>
<doc>Types the given ``text`` into the text field identified by ``locator``.</doc>
<msg timestamp="20220224 20:52:10.726" level="INFO">Typing text 'PCS' into text field 'xpath=//*[@id="pengarang"]'.</msg>
<status status="PASS" starttime="20220224 20:52:10.726" endtime="20220224 20:52:10.836"/>
</kw>
<kw name="Input Text" library="SeleniumLibrary">
<arg>xpath=//*[@id="penerbit"]</arg>
<arg>${qty}</arg>
<doc>Types the given ``text`` into the text field identified by ``locator``.</doc>
<msg timestamp="20220224 20:52:10.837" level="INFO">Typing text '1' into text field 'xpath=//*[@id="penerbit"]'.</msg>
<status status="PASS" starttime="20220224 20:52:10.836" endtime="20220224 20:52:10.952"/>
</kw>
<kw name="Wait Until Element Is Visible" library="SeleniumLibrary">
<arg>xpath=//*[@id="cover"]</arg>
<arg>2s</arg>
<doc>Waits until the element ``locator`` is visible.</doc>
<status status="PASS" starttime="20220224 20:52:10.953" endtime="20220224 20:52:10.983"/>
</kw>
<kw name="Choose File" library="SeleniumLibrary">
<arg>xpath=//*[@id="cover"]</arg>
<arg>${url}</arg>
<doc>Inputs the ``file_path`` into the file input field ``locator``.</doc>
<msg timestamp="20220224 20:52:10.983" level="INFO">Sending /Users/andikaprananto/Pictures/Work/1/PC52.png to browser.</msg>
<status status="PASS" starttime="20220224 20:52:10.983" endtime="20220224 20:52:11.049"/>
</kw>
<kw name="Sleep" library="BuiltIn">
<arg>2s</arg>
<doc>Pauses the test executed for the given time.</doc>
<msg timestamp="20220224 20:52:13.051" level="INFO">Slept 2 seconds</msg>
<status status="PASS" starttime="20220224 20:52:11.049" endtime="20220224 20:52:13.051"/>
</kw>
<kw name="Click Element" library="SeleniumLibrary">
<arg>xpath=//button[contains(text(),'Tambah')]</arg>
<doc>Click the element identified by ``locator``.</doc>
<msg timestamp="20220224 20:52:13.052" level="INFO">Clicking element 'xpath=//button[contains(text(),'Tambah')]'.</msg>
<status status="PASS" starttime="20220224 20:52:13.052" endtime="20220224 20:52:17.185"/>
</kw>
<kw name="Go To" library="SeleniumLibrary">
<arg>https://katalog.nurinnia.co.id/admin/index.php</arg>
<doc>Navigates the current browser window to the provided ``url``.</doc>
<msg timestamp="20220224 20:52:17.185" level="INFO">Opening url 'https://katalog.nurinnia.co.id/admin/index.php'</msg>
<status status="PASS" starttime="20220224 20:52:17.185" endtime="20220224 20:52:17.483"/>
</kw>
<kw name="Sleep" library="BuiltIn">
<arg>2s</arg>
<doc>Pauses the test executed for the given time.</doc>
<msg timestamp="20220224 20:52:19.484" level="INFO">Slept 2 seconds</msg>
<status status="PASS" starttime="20220224 20:52:17.483" endtime="20220224 20:52:19.485"/>
</kw>
<kw name="Wait Until Element Is Visible" library="SeleniumLibrary">
<arg>xpath=//span[contains(text(),'LOGOUT')]</arg>
<doc>Waits until the element ``locator`` is visible.</doc>
<status status="PASS" starttime="20220224 20:52:19.485" endtime="20220224 20:52:19.517"/>
</kw>
<kw name="Click Element" library="SeleniumLibrary">
<arg>xpath=//span[contains(text(),'LOGOUT')]</arg>
<doc>Click the element identified by ``locator``.</doc>
<msg timestamp="20220224 20:52:19.518" level="INFO">Clicking element 'xpath=//span[contains(text(),'LOGOUT')]'.</msg>
<status status="PASS" starttime="20220224 20:52:19.517" endtime="20220224 20:52:19.591"/>
</kw>
<kw name="Wait Until Element Is Visible" library="SeleniumLibrary">
<arg>xpath=//a[@class='c-btn large blue-bg']</arg>
<doc>Waits until the element ``locator`` is visible.</doc>
<status status="PASS" starttime="20220224 20:52:19.591" endtime="20220224 20:52:19.852"/>
</kw>
<kw name="Click Element" library="SeleniumLibrary">
<arg>xpath=//a[@class='c-btn large blue-bg']</arg>
<doc>Click the element identified by ``locator``.</doc>
<msg timestamp="20220224 20:52:19.853" level="INFO">Clicking element 'xpath=//a[@class='c-btn large blue-bg']'.</msg>
<status status="PASS" starttime="20220224 20:52:19.852" endtime="20220224 20:52:20.236"/>
</kw>
<status status="PASS" starttime="20220224 20:51:54.467" endtime="20220224 20:52:20.237"/>
</kw>
<status status="PASS" starttime="20220224 20:51:54.463" endtime="20220224 20:52:20.237"/>
</test>
<test id="s1-t4" name="LoginTestUsingExcel">
<kw name="InputDataUsingExcel">
<arg>nurinnia</arg>
<arg>Farrel110614</arg>
<arg>CLIP LOCK ROOF 1 RINNIA</arg>
<arg>180000</arg>
<arg>240000</arg>
<arg>1</arg>
<arg>9</arg>
<arg>10</arg>
<arg>PCS</arg>
<arg>1</arg>
<arg>/Users/andikaprananto/Pictures/Work/1/pc53.png</arg>
<kw name="Wait Until Element Is Visible" library="SeleniumLibrary">
<arg>xpath=//input[@type='text']</arg>
<doc>Waits until the element ``locator`` is visible.</doc>
<status status="PASS" starttime="20220224 20:52:20.246" endtime="20220224 20:52:20.302"/>
</kw>
<kw name="Input Text" library="SeleniumLibrary">
<arg>xpath=//input[@type='text']</arg>
<arg>${name}</arg>
<doc>Types the given ``text`` into the text field identified by ``locator``.</doc>
<msg timestamp="20220224 20:52:20.303" level="INFO">Typing text 'nurinnia' into text field 'xpath=//input[@type='text']'.</msg>
<status status="PASS" starttime="20220224 20:52:20.302" endtime="20220224 20:52:20.432"/>
</kw>
<kw name="Input Text" library="SeleniumLibrary">
<arg>xpath=//input[@type='password']</arg>
<arg>${pwd}</arg>
<doc>Types the given ``text`` into the text field identified by ``locator``.</doc>
<msg timestamp="20220224 20:52:20.433" level="INFO">Typing text 'Farrel110614' into text field 'xpath=//input[@type='password']'.</msg>
<status status="PASS" starttime="20220224 20:52:20.432" endtime="20220224 20:52:20.582"/>
</kw>
<kw name="Click Element" library="SeleniumLibrary">
<arg>xpath=//input[@type='submit']</arg>
<doc>Click the element identified by ``locator``.</doc>
<msg timestamp="20220224 20:52:20.583" level="INFO">Clicking element 'xpath=//input[@type='submit']'.</msg>
<status status="PASS" starttime="20220224 20:52:20.583" endtime="20220224 20:52:21.101"/>
</kw>
<kw name="Click Element" library="SeleniumLibrary">
<arg>xpath=//span[contains(text(),'PRODUCT AREA')]</arg>
<doc>Click the element identified by ``locator``.</doc>
<msg timestamp="20220224 20:52:21.101" level="INFO">Clicking element 'xpath=//span[contains(text(),'PRODUCT AREA')]'.</msg>
<status status="PASS" starttime="20220224 20:52:21.101" endtime="20220224 20:52:21.249"/>
</kw>
<kw name="Wait Until Element Is Visible" library="SeleniumLibrary">
<arg>xpath=//a[contains(text(),'DATA PRODUCT')]</arg>
<doc>Waits until the element ``locator`` is visible.</doc>
<status status="PASS" starttime="20220224 20:52:21.250" endtime="20220224 20:52:21.334"/>
</kw>
<kw name="Click Element" library="SeleniumLibrary">
<arg>xpath=//a[contains(text(),'DATA PRODUCT')]</arg>
<doc>Click the element identified by ``locator``.</doc>
<msg timestamp="20220224 20:52:21.334" level="INFO">Clicking element 'xpath=//a[contains(text(),'DATA PRODUCT')]'.</msg>
<status status="PASS" starttime="20220224 20:52:21.334" endtime="20220224 20:52:23.084"/>
</kw>
<kw name="Wait Until Element Is Visible" library="SeleniumLibrary">
<arg>xpath=//a[@class='icon-btn pulse-grow']</arg>
<doc>Waits until the element ``locator`` is visible.</doc>
<status status="PASS" starttime="20220224 20:52:23.085" endtime="20220224 20:52:23.135"/>
</kw>
<kw name="Click Element" library="SeleniumLibrary">
<arg>xpath=//a[@class='icon-btn pulse-grow']</arg>
<doc>Click the element identified by ``locator``.</doc>
<msg timestamp="20220224 20:52:23.136" level="INFO">Clicking element 'xpath=//a[@class='icon-btn pulse-grow']'.</msg>
<status status="PASS" starttime="20220224 20:52:23.135" endtime="20220224 20:52:23.302"/>
</kw>
<kw name="Sleep" library="BuiltIn">
<arg>2s</arg>
<doc>Pauses the test executed for the given time.</doc>
<msg timestamp="20220224 20:52:25.305" level="INFO">Slept 2 seconds</msg>
<status status="PASS" starttime="20220224 20:52:23.302" endtime="20220224 20:52:25.305"/>
</kw>
<kw name="Input Text" library="SeleniumLibrary">
<arg>xpath=//*[@id="judul"]</arg>
<arg>${prod}</arg>
<doc>Types the given ``text`` into the text field identified by ``locator``.</doc>
<msg timestamp="20220224 20:52:25.307" level="INFO">Typing text 'CLIP LOCK ROOF 1 RINNIA' into text field 'xpath=//*[@id="judul"]'.</msg>
<status status="PASS" starttime="20220224 20:52:25.306" endtime="20220224 20:52:25.503"/>
</kw>
<kw name="Sleep" library="BuiltIn">
<arg>2s</arg>
<doc>Pauses the test executed for the given time.</doc>
<msg timestamp="20220224 20:52:27.504" level="INFO">Slept 2 seconds</msg>
<status status="PASS" starttime="20220224 20:52:25.503" endtime="20220224 20:52:27.505"/>
</kw>
<kw name="Input Text" library="SeleniumLibrary">
<arg>xpath=//*[@id="harga"]</arg>
<arg>${jbdtk}</arg>
<doc>Types the given ``text`` into the text field identified by ``locator``.</doc>
<msg timestamp="20220224 20:52:27.507" level="INFO">Typing text '180000' into text field 'xpath=//*[@id="harga"]'.</msg>
<status status="PASS" starttime="20220224 20:52:27.506" endtime="20220224 20:52:27.616"/>
</kw>
<kw name="Sleep" library="BuiltIn">
<arg>2s</arg>
<doc>Pauses the test executed for the given time.</doc>
<msg timestamp="20220224 20:52:29.619" level="INFO">Slept 2 seconds</msg>
<status status="PASS" starttime="20220224 20:52:27.617" endtime="20220224 20:52:29.619"/>
</kw>
<kw name="Input Text" library="SeleniumLibrary">
<arg>xpath=//*[@id="harga1"]</arg>
<arg>${jt}</arg>
<doc>Types the given ``text`` into the text field identified by ``locator``.</doc>
<msg timestamp="20220224 20:52:29.620" level="INFO">Typing text '240000' into text field 'xpath=//*[@id="harga1"]'.</msg>
<status status="PASS" starttime="20220224 20:52:29.619" endtime="20220224 20:52:29.743"/>
</kw>
<kw name="Sleep" library="BuiltIn">
<arg>2s</arg>
<doc>Pauses the test executed for the given time.</doc>
<msg timestamp="20220224 20:52:31.745" level="INFO">Slept 2 seconds</msg>
<status status="PASS" starttime="20220224 20:52:29.744" endtime="20220224 20:52:31.745"/>
</kw>
<kw name="Input Text" library="SeleniumLibrary">
<arg>xpath=//*[@id="tipeukuran"]</arg>
<arg>${size}</arg>
<doc>Types the given ``text`` into the text field identified by ``locator``.</doc>
<msg timestamp="20220224 20:52:31.746" level="INFO">Typing text '1' into text field 'xpath=//*[@id="tipeukuran"]'.</msg>
<status status="PASS" starttime="20220224 20:52:31.745" endtime="20220224 20:52:31.835"/>
</kw>
<kw name="Sleep" library="BuiltIn">
<arg>2s</arg>
<doc>Pauses the test executed for the given time.</doc>
<msg timestamp="20220224 20:52:33.836" level="INFO">Slept 2 seconds</msg>
<status status="PASS" starttime="20220224 20:52:31.835" endtime="20220224 20:52:33.836"/>
</kw>
<kw name="Click Element" library="SeleniumLibrary">
<arg>xpath=//*[@id="kategori"]</arg>
<doc>Click the element identified by ``locator``.</doc>
<msg timestamp="20220224 20:52:33.837" level="INFO">Clicking element 'xpath=//*[@id="kategori"]'.</msg>
<status status="PASS" starttime="20220224 20:52:33.836" endtime="20220224 20:52:33.937"/>
</kw>
<kw name="Wait Until Element Is Visible" library="SeleniumLibrary">
<arg>xpath=/html/body/div[2]/div/div/div[2]/form/div/div/div[5]/select/option[${kat}]</arg>
<doc>Waits until the element ``locator`` is visible.</doc>
<status status="PASS" starttime="20220224 20:52:33.937" endtime="20220224 20:52:33.971"/>
</kw>
<kw name="Click Element" library="SeleniumLibrary">
<arg>xpath=/html/body/div[2]/div/div/div[2]/form/div/div/div[5]/select/option[${kat}]</arg>
<doc>Click the element identified by ``locator``.</doc>
<msg timestamp="20220224 20:52:33.972" level="INFO">Clicking element 'xpath=/html/body/div[2]/div/div/div[2]/form/div/div/div[5]/select/option[9]'.</msg>
<status status="PASS" starttime="20220224 20:52:33.972" endtime="20220224 20:52:34.307"/>
</kw>
<kw name="Sleep" library="BuiltIn">
<arg>2s</arg>
<doc>Pauses the test executed for the given time.</doc>
<msg timestamp="20220224 20:52:36.309" level="INFO">Slept 2 seconds</msg>
<status status="PASS" starttime="20220224 20:52:34.307" endtime="20220224 20:52:36.310"/>
</kw>
<kw name="Input Text" library="SeleniumLibrary">
<arg>xpath=//*[@id="stok"]</arg>
<arg>${stcok}</arg>
<doc>Types the given ``text`` into the text field identified by ``locator``.</doc>
<msg timestamp="20220224 20:52:36.311" level="INFO">Typing text '10' into text field 'xpath=//*[@id="stok"]'.</msg>
<status status="PASS" starttime="20220224 20:52:36.310" endtime="20220224 20:52:36.716"/>
</kw>
<kw name="Input Text" library="SeleniumLibrary">
<arg>xpath=//*[@id="pengarang"]</arg>
<arg>${satuan}</arg>
<doc>Types the given ``text`` into the text field identified by ``locator``.</doc>
<msg timestamp="20220224 20:52:36.717" level="INFO">Typing text 'PCS' into text field 'xpath=//*[@id="pengarang"]'.</msg>
<status status="PASS" starttime="20220224 20:52:36.716" endtime="20220224 20:52:36.819"/>
</kw>
<kw name="Input Text" library="SeleniumLibrary">
<arg>xpath=//*[@id="penerbit"]</arg>
<arg>${qty}</arg>
<doc>Types the given ``text`` into the text field identified by ``locator``.</doc>
<msg timestamp="20220224 20:52:36.820" level="INFO">Typing text '1' into text field 'xpath=//*[@id="penerbit"]'.</msg>
<status status="PASS" starttime="20220224 20:52:36.819" endtime="20220224 20:52:36.937"/>
</kw>
<kw name="Wait Until Element Is Visible" library="SeleniumLibrary">
<arg>xpath=//*[@id="cover"]</arg>
<arg>2s</arg>
<doc>Waits until the element ``locator`` is visible.</doc>
<status status="PASS" starttime="20220224 20:52:36.937" endtime="20220224 20:52:36.975"/>
</kw>
<kw name="Choose File" library="SeleniumLibrary">
<arg>xpath=//*[@id="cover"]</arg>
<arg>${url}</arg>
<doc>Inputs the ``file_path`` into the file input field ``locator``.</doc>
<msg timestamp="20220224 20:52:36.977" level="INFO">Sending /Users/andikaprananto/Pictures/Work/1/pc53.png to browser.</msg>
<status status="PASS" starttime="20220224 20:52:36.976" endtime="20220224 20:52:37.049"/>
</kw>
<kw name="Sleep" library="BuiltIn">
<arg>2s</arg>
<doc>Pauses the test executed for the given time.</doc>
<msg timestamp="20220224 20:52:39.051" level="INFO">Slept 2 seconds</msg>
<status status="PASS" starttime="20220224 20:52:37.050" endtime="20220224 20:52:39.052"/>
</kw>
<kw name="Click Element" library="SeleniumLibrary">
<arg>xpath=//button[contains(text(),'Tambah')]</arg>
<doc>Click the element identified by ``locator``.</doc>
<msg timestamp="20220224 20:52:39.053" level="INFO">Clicking element 'xpath=//button[contains(text(),'Tambah')]'.</msg>
<status status="PASS" starttime="20220224 20:52:39.052" endtime="20220224 20:52:45.034"/>
</kw>
<kw name="Go To" library="SeleniumLibrary">
<arg>https://katalog.nurinnia.co.id/admin/index.php</arg>
<doc>Navigates the current browser window to the provided ``url``.</doc>
<msg timestamp="20220224 20:52:45.038" level="INFO">Opening url 'https://katalog.nurinnia.co.id/admin/index.php'</msg>
<status status="PASS" starttime="20220224 20:52:45.036" endtime="20220224 20:52:45.292"/>
</kw>
<kw name="Sleep" library="BuiltIn">
<arg>2s</arg>
<doc>Pauses the test executed for the given time.</doc>
<msg timestamp="20220224 20:52:47.294" level="INFO">Slept 2 seconds</msg>
<status status="PASS" starttime="20220224 20:52:45.293" endtime="20220224 20:52:47.295"/>
</kw>
<kw name="Wait Until Element Is Visible" library="SeleniumLibrary">
<arg>xpath=//span[contains(text(),'LOGOUT')]</arg>
<doc>Waits until the element ``locator`` is visible.</doc>
<status status="PASS" starttime="20220224 20:52:47.295" endtime="20220224 20:52:47.327"/>
</kw>
<kw name="Click Element" library="SeleniumLibrary">
<arg>xpath=//span[contains(text(),'LOGOUT')]</arg>
<doc>Click the element identified by ``locator``.</doc>
<msg timestamp="20220224 20:52:47.328" level="INFO">Clicking element 'xpath=//span[contains(text(),'LOGOUT')]'.</msg>
<status status="PASS" starttime="20220224 20:52:47.328" endtime="20220224 20:52:47.392"/>
</kw>
<kw name="Wait Until Element Is Visible" library="SeleniumLibrary">
<arg>xpath=//a[@class='c-btn large blue-bg']</arg>
<doc>Waits until the element ``locator`` is visible.</doc>
<status status="PASS" starttime="20220224 20:52:47.393" endtime="20220224 20:52:47.652"/>
</kw>
<kw name="Click Element" library="SeleniumLibrary">
<arg>xpath=//a[@class='c-btn large blue-bg']</arg>
<doc>Click the element identified by ``locator``.</doc>
<msg timestamp="20220224 20:52:47.653" level="INFO">Clicking element 'xpath=//a[@class='c-btn large blue-bg']'.</msg>
<status status="PASS" starttime="20220224 20:52:47.653" endtime="20220224 20:52:47.951"/>
</kw>
<status status="PASS" starttime="20220224 20:52:20.244" endtime="20220224 20:52:47.951"/>
</kw>
<status status="PASS" starttime="20220224 20:52:20.238" endtime="20220224 20:52:47.952"/>
</test>
<test id="s1-t5" name="LoginTestUsingExcel">
<kw name="InputDataUsingExcel">
<arg>nurinnia</arg>
<arg>Farrel110614</arg>
<arg>SOLAR PANEL INSTALLATION PAKET 10 KWP</arg>
<arg>289200000</arg>
<arg>337400000</arg>
<arg> 10 KWP</arg>
<arg>9</arg>
<arg>1</arg>
<arg>LOT</arg>
<arg>1</arg>
<arg>/Users/andikaprananto/Pictures/Work/1/pc60.png</arg>
<kw name="Wait Until Element Is Visible" library="SeleniumLibrary">
<arg>xpath=//input[@type='text']</arg>
<doc>Waits until the element ``locator`` is visible.</doc>
<status status="PASS" starttime="20220224 20:52:47.962" endtime="20220224 20:52:47.999"/>
</kw>
<kw name="Input Text" library="SeleniumLibrary">
<arg>xpath=//input[@type='text']</arg>
<arg>${name}</arg>
<doc>Types the given ``text`` into the text field identified by ``locator``.</doc>
<msg timestamp="20220224 20:52:47.999" level="INFO">Typing text 'nurinnia' into text field 'xpath=//input[@type='text']'.</msg>
<status status="PASS" starttime="20220224 20:52:47.999" endtime="20220224 20:52:48.103"/>
</kw>
<kw name="Input Text" library="SeleniumLibrary">
<arg>xpath=//input[@type='password']</arg>
<arg>${pwd}</arg>
<doc>Types the given ``text`` into the text field identified by ``locator``.</doc>
<msg timestamp="20220224 20:52:48.104" level="INFO">Typing text 'Farrel110614' into text field 'xpath=//input[@type='password']'.</msg>
<status status="PASS" starttime="20220224 20:52:48.104" endtime="20220224 20:52:48.223"/>
</kw>
<kw name="Click Element" library="SeleniumLibrary">
<arg>xpath=//input[@type='submit']</arg>
<doc>Click the element identified by ``locator``.</doc>
<msg timestamp="20220224 20:52:48.224" level="INFO">Clicking element 'xpath=//input[@type='submit']'.</msg>
<status status="PASS" starttime="20220224 20:52:48.224" endtime="20220224 20:52:48.468"/>
</kw>
<kw name="Click Element" library="SeleniumLibrary">
<arg>xpath=//span[contains(text(),'PRODUCT AREA')]</arg>
<doc>Click the element identified by ``locator``.</doc>
<msg timestamp="20220224 20:52:48.469" level="INFO">Clicking element 'xpath=//span[contains(text(),'PRODUCT AREA')]'.</msg>
<status status="PASS" starttime="20220224 20:52:48.468" endtime="20220224 20:52:48.564"/>
</kw>
<kw name="Wait Until Element Is Visible" library="SeleniumLibrary">
<arg>xpath=//a[contains(text(),'DATA PRODUCT')]</arg>
<doc>Waits until the element ``locator`` is visible.</doc>
<status status="PASS" starttime="20220224 20:52:48.565" endtime="20220224 20:52:48.633"/>
</kw>
<kw name="Click Element" library="SeleniumLibrary">
<arg>xpath=//a[contains(text(),'DATA PRODUCT')]</arg>
<doc>Click the element identified by ``locator``.</doc>
<msg timestamp="20220224 20:52:48.633" level="INFO">Clicking element 'xpath=//a[contains(text(),'DATA PRODUCT')]'.</msg>
<status status="PASS" starttime="20220224 20:52:48.633" endtime="20220224 20:52:51.051"/>
</kw>
<kw name="Wait Until Element Is Visible" library="SeleniumLibrary">
<arg>xpath=//a[@class='icon-btn pulse-grow']</arg>
<doc>Waits until the element ``locator`` is visible.</doc>
<status status="PASS" starttime="20220224 20:52:51.052" endtime="20220224 20:52:51.093"/>
</kw>
<kw name="Click Element" library="SeleniumLibrary">
<arg>xpath=//a[@class='icon-btn pulse-grow']</arg>
<doc>Click the element identified by ``locator``.</doc>
<msg timestamp="20220224 20:52:51.094" level="INFO">Clicking element 'xpath=//a[@class='icon-btn pulse-grow']'.</msg>
<status status="PASS" starttime="20220224 20:52:51.093" endtime="20220224 20:52:51.229"/>
</kw>
<kw name="Sleep" library="BuiltIn">
<arg>2s</arg>
<doc>Pauses the test executed for the given time.</doc>
<msg timestamp="20220224 20:52:53.232" level="INFO">Slept 2 seconds</msg>
<status status="PASS" starttime="20220224 20:52:51.230" endtime="20220224 20:52:53.232"/>
</kw>
<kw name="Input Text" library="SeleniumLibrary">
<arg>xpath=//*[@id="judul"]</arg>
<arg>${prod}</arg>
<doc>Types the given ``text`` into the text field identified by ``locator``.</doc>
<msg timestamp="20220224 20:52:53.233" level="INFO">Typing text 'SOLAR PANEL INSTALLATION PAKET 10 KWP' into text field 'xpath=//*[@id="judul"]'.</msg>
<status status="PASS" starttime="20220224 20:52:53.233" endtime="20220224 20:52:53.464"/>
</kw>
<kw name="Sleep" library="BuiltIn">
<arg>2s</arg>
<doc>Pauses the test executed for the given time.</doc>
<msg timestamp="20220224 20:52:55.465" level="INFO">Slept 2 seconds</msg>
<status status="PASS" starttime="20220224 20:52:53.464" endtime="20220224 20:52:55.465"/>
</kw>
<kw name="Input Text" library="SeleniumLibrary">
<arg>xpath=//*[@id="harga"]</arg>
<arg>${jbdtk}</arg>
<doc>Types the given ``text`` into the text field identified by ``locator``.</doc>
<msg timestamp="20220224 20:52:55.466" level="INFO">Typing text '289200000' into text field 'xpath=//*[@id="harga"]'.</msg>
<status status="PASS" starttime="20220224 20:52:55.466" endtime="20220224 20:52:55.589"/>
</kw>
<kw name="Sleep" library="BuiltIn">
<arg>2s</arg>
<doc>Pauses the test executed for the given time.</doc>
<msg timestamp="20220224 20:52:57.590" level="INFO">Slept 2 seconds</msg>
<status status="PASS" starttime="20220224 20:52:55.590" endtime="20220224 20:52:57.591"/>
</kw>
<kw name="Input Text" library="SeleniumLibrary">
<arg>xpath=//*[@id="harga1"]</arg>
<arg>${jt}</arg>
<doc>Types the given ``text`` into the text field identified by ``locator``.</doc>
<msg timestamp="20220224 20:52:57.592" level="INFO">Typing text '337400000' into text field 'xpath=//*[@id="harga1"]'.</msg>
<status status="PASS" starttime="20220224 20:52:57.591" endtime="20220224 20:52:57.728"/>
</kw>
<kw name="Sleep" library="BuiltIn">
<arg>2s</arg>
<doc>Pauses the test executed for the given time.</doc>
<msg timestamp="20220224 20:52:59.731" level="INFO">Slept 2 seconds</msg>
<status status="PASS" starttime="20220224 20:52:57.728" endtime="20220224 20:52:59.731"/>
</kw>
<kw name="Input Text" library="SeleniumLibrary">
<arg>xpath=//*[@id="tipeukuran"]</arg>
<arg>${size}</arg>
<doc>Types the given ``text`` into the text field identified by ``locator``.</doc>
<msg timestamp="20220224 20:52:59.732" level="INFO">Typing text ' 10 KWP' into text field 'xpath=//*[@id="tipeukuran"]'.</msg>
<status status="PASS" starttime="20220224 20:52:59.731" endtime="20220224 20:52:59.845"/>
</kw>
<kw name="Sleep" library="BuiltIn">
<arg>2s</arg>
<doc>Pauses the test executed for the given time.</doc>
<msg timestamp="20220224 20:53:01.846" level="INFO">Slept 2 seconds</msg>
<status status="PASS" starttime="20220224 20:52:59.845" endtime="20220224 20:53:01.847"/>
</kw>
<kw name="Click Element" library="SeleniumLibrary">
<arg>xpath=//*[@id="kategori"]</arg>
<doc>Click the element identified by ``locator``.</doc>
<msg timestamp="20220224 20:53:01.848" level="INFO">Clicking element 'xpath=//*[@id="kategori"]'.</msg>
<status status="PASS" starttime="20220224 20:53:01.847" endtime="20220224 20:53:01.957"/>
</kw>
<kw name="Wait Until Element Is Visible" library="SeleniumLibrary">
<arg>xpath=/html/body/div[2]/div/div/div[2]/form/div/div/div[5]/select/option[${kat}]</arg>
<doc>Waits until the element ``locator`` is visible.</doc>
<status status="PASS" starttime="20220224 20:53:01.957" endtime="20220224 20:53:01.985"/>
</kw>
<kw name="Click Element" library="SeleniumLibrary">
<arg>xpath=/html/body/div[2]/div/div/div[2]/form/div/div/div[5]/select/option[${kat}]</arg>
<doc>Click the element identified by ``locator``.</doc>
<msg timestamp="20220224 20:53:01.986" level="INFO">Clicking element 'xpath=/html/body/div[2]/div/div/div[2]/form/div/div/div[5]/select/option[9]'.</msg>
<status status="PASS" starttime="20220224 20:53:01.986" endtime="20220224 20:53:02.325"/>
</kw>
<kw name="Sleep" library="BuiltIn">
<arg>2s</arg>
<doc>Pauses the test executed for the given time.</doc>
<msg timestamp="20220224 20:53:04.327" level="INFO">Slept 2 seconds</msg>
<status status="PASS" starttime="20220224 20:53:02.325" endtime="20220224 20:53:04.327"/>
</kw>
<kw name="Input Text" library="SeleniumLibrary">
<arg>xpath=//*[@id="stok"]</arg>
<arg>${stcok}</arg>
<doc>Types the given ``text`` into the text field identified by ``locator``.</doc>
<msg timestamp="20220224 20:53:04.328" level="INFO">Typing text '1' into text field 'xpath=//*[@id="stok"]'.</msg>
<status status="PASS" starttime="20220224 20:53:04.327" endtime="20220224 20:53:04.672"/>
</kw>
<kw name="Input Text" library="SeleniumLibrary">
<arg>xpath=//*[@id="pengarang"]</arg>
<arg>${satuan}</arg>
<doc>Types the given ``text`` into the text field identified by ``locator``.</doc>
<msg timestamp="20220224 20:53:04.673" level="INFO">Typing text 'LOT' into text field 'xpath=//*[@id="pengarang"]'.</msg>
<status status="PASS" starttime="20220224 20:53:04.673" endtime="20220224 20:53:04.768"/>
</kw>
<kw name="Input Text" library="SeleniumLibrary">
<arg>xpath=//*[@id="penerbit"]</arg>
<arg>${qty}</arg>
<doc>Types the given ``text`` into the text field identified by ``locator``.</doc>
<msg timestamp="20220224 20:53:04.768" level="INFO">Typing text '1' into text field 'xpath=//*[@id="penerbit"]'.</msg>
<status status="PASS" starttime="20220224 20:53:04.768" endtime="20220224 20:53:04.878"/>
</kw>
<kw name="Wait Until Element Is Visible" library="SeleniumLibrary">
<arg>xpath=//*[@id="cover"]</arg>
<arg>2s</arg>
<doc>Waits until the element ``locator`` is visible.</doc>
<status status="PASS" starttime="20220224 20:53:04.878" endtime="20220224 20:53:04.905"/>
</kw>
<kw name="Choose File" library="SeleniumLibrary">
<arg>xpath=//*[@id="cover"]</arg>
<arg>${url}</arg>
<doc>Inputs the ``file_path`` into the file input field ``locator``.</doc>
<msg timestamp="20220224 20:53:04.907" level="INFO">Sending /Users/andikaprananto/Pictures/Work/1/pc60.png to browser.</msg>
<status status="PASS" starttime="20220224 20:53:04.906" endtime="20220224 20:53:04.961"/>
</kw>
<kw name="Sleep" library="BuiltIn">
<arg>2s</arg>
<doc>Pauses the test executed for the given time.</doc>
<msg timestamp="20220224 20:53:06.962" level="INFO">Slept 2 seconds</msg>
<status status="PASS" starttime="20220224 20:53:04.961" endtime="20220224 20:53:06.962"/>
</kw>
<kw name="Click Element" library="SeleniumLibrary">
<arg>xpath=//button[contains(text(),'Tambah')]</arg>
<doc>Click the element identified by ``locator``.</doc>
<msg timestamp="20220224 20:53:06.963" level="INFO">Clicking element 'xpath=//button[contains(text(),'Tambah')]'.</msg>
<status status="PASS" starttime="20220224 20:53:06.963" endtime="20220224 20:53:11.176"/>
</kw>
<kw name="Go To" library="SeleniumLibrary">
<arg>https://katalog.nurinnia.co.id/admin/index.php</arg>
<doc>Navigates the current browser window to the provided ``url``.</doc>
<msg timestamp="20220224 20:53:11.176" level="INFO">Opening url 'https://katalog.nurinnia.co.id/admin/index.php'</msg>
<status status="PASS" starttime="20220224 20:53:11.176" endtime="20220224 20:53:11.432"/>
</kw>
<kw name="Sleep" library="BuiltIn">
<arg>2s</arg>
<doc>Pauses the test executed for the given time.</doc>
<msg timestamp="20220224 20:53:13.434" level="INFO">Slept 2 seconds</msg>
<status status="PASS" starttime="20220224 20:53:11.432" endtime="20220224 20:53:13.435"/>
</kw>
<kw name="Wait Until Element Is Visible" library="SeleniumLibrary">
<arg>xpath=//span[contains(text(),'LOGOUT')]</arg>
<doc>Waits until the element ``locator`` is visible.</doc>
<status status="PASS" starttime="20220224 20:53:13.435" endtime="20220224 20:53:13.465"/>
</kw>
<kw name="Click Element" library="SeleniumLibrary">
<arg>xpath=//span[contains(text(),'LOGOUT')]</arg>
<doc>Click the element identified by ``locator``.</doc>
<msg timestamp="20220224 20:53:13.466" level="INFO">Clicking element 'xpath=//span[contains(text(),'LOGOUT')]'.</msg>
<status status="PASS" starttime="20220224 20:53:13.466" endtime="20220224 20:53:13.527"/>
</kw>
<kw name="Wait Until Element Is Visible" library="SeleniumLibrary">
<arg>xpath=//a[@class='c-btn large blue-bg']</arg>
<doc>Waits until the element ``locator`` is visible.</doc>
<status status="PASS" starttime="20220224 20:53:13.528" endtime="20220224 20:53:13.785"/>
</kw>
<kw name="Click Element" library="SeleniumLibrary">
<arg>xpath=//a[@class='c-btn large blue-bg']</arg>
<doc>Click the element identified by ``locator``.</doc>
<msg timestamp="20220224 20:53:13.786" level="INFO">Clicking element 'xpath=//a[@class='c-btn large blue-bg']'.</msg>
<status status="PASS" starttime="20220224 20:53:13.785" endtime="20220224 20:53:14.074"/>
</kw>
<status status="PASS" starttime="20220224 20:52:47.958" endtime="20220224 20:53:14.074"/>
</kw>
<status status="PASS" starttime="20220224 20:52:47.954" endtime="20220224 20:53:14.075"/>
</test>
<test id="s1-t6" name="LoginTestUsingExcel">
<kw name="InputDataUsingExcel">
<arg>nurinnia</arg>
<arg>Farrel110614</arg>
<arg>SOLAR PANEL INSTALLATION PAKET 20 KWP</arg>
<arg>445200000</arg>
<arg>519400000</arg>
<arg>20 KWP</arg>
<arg>9</arg>
<arg>1</arg>
<arg>LOT</arg>
<arg>1</arg>
<arg>/Users/andikaprananto/Pictures/Work/1/pc61.png</arg>
<kw name="Wait Until Element Is Visible" library="SeleniumLibrary">
<arg>xpath=//input[@type='text']</arg>
<doc>Waits until the element ``locator`` is visible.</doc>
<status status="PASS" starttime="20220224 20:53:14.081" endtime="20220224 20:53:14.122"/>
</kw>
<kw name="Input Text" library="SeleniumLibrary">
<arg>xpath=//input[@type='text']</arg>
<arg>${name}</arg>
<doc>Types the given ``text`` into the text field identified by ``locator``.</doc>
<msg timestamp="20220224 20:53:14.122" level="INFO">Typing text 'nurinnia' into text field 'xpath=//input[@type='text']'.</msg>
<status status="PASS" starttime="20220224 20:53:14.122" endtime="20220224 20:53:14.221"/>
</kw>
<kw name="Input Text" library="SeleniumLibrary">
<arg>xpath=//input[@type='password']</arg>
<arg>${pwd}</arg>
<doc>Types the given ``text`` into the text field identified by ``locator``.</doc>
<msg timestamp="20220224 20:53:14.223" level="INFO">Typing text 'Farrel110614' into text field 'xpath=//input[@type='password']'.</msg>
<status status="PASS" starttime="20220224 20:53:14.222" endtime="20220224 20:53:14.347"/>
</kw>
<kw name="Click Element" library="SeleniumLibrary">
<arg>xpath=//input[@type='submit']</arg>
<doc>Click the element identified by ``locator``.</doc>
<msg timestamp="20220224 20:53:14.348" level="INFO">Clicking element 'xpath=//input[@type='submit']'.</msg>
<status status="PASS" starttime="20220224 20:53:14.347" endtime="20220224 20:53:14.583"/>
</kw>
<kw name="Click Element" library="SeleniumLibrary">
<arg>xpath=//span[contains(text(),'PRODUCT AREA')]</arg>
<doc>Click the element identified by ``locator``.</doc>
<msg timestamp="20220224 20:53:14.583" level="INFO">Clicking element 'xpath=//span[contains(text(),'PRODUCT AREA')]'.</msg>
<status status="PASS" starttime="20220224 20:53:14.583" endtime="20220224 20:53:14.652"/>
</kw>
<kw name="Wait Until Element Is Visible" library="SeleniumLibrary">
<arg>xpath=//a[contains(text(),'DATA PRODUCT')]</arg>
<doc>Waits until the element ``locator`` is visible.</doc>
<status status="PASS" starttime="20220224 20:53:14.652" endtime="20220224 20:53:14.678"/>
</kw>
<kw name="Click Element" library="SeleniumLibrary">
<arg>xpath=//a[contains(text(),'DATA PRODUCT')]</arg>
<doc>Click the element identified by ``locator``.</doc>
<msg timestamp="20220224 20:53:14.678" level="INFO">Clicking element 'xpath=//a[contains(text(),'DATA PRODUCT')]'.</msg>
<status status="PASS" starttime="20220224 20:53:14.678" endtime="20220224 20:53:16.238"/>
</kw>
<kw name="Wait Until Element Is Visible" library="SeleniumLibrary">
<arg>xpath=//a[@class='icon-btn pulse-grow']</arg>
<doc>Waits until the element ``locator`` is visible.</doc>
<status status="PASS" starttime="20220224 20:53:16.239" endtime="20220224 20:53:16.286"/>
</kw>
<kw name="Click Element" library="SeleniumLibrary">
<arg>xpath=//a[@class='icon-btn pulse-grow']</arg>
<doc>Click the element identified by ``locator``.</doc>
<msg timestamp="20220224 20:53:16.287" level="INFO">Clicking element 'xpath=//a[@class='icon-btn pulse-grow']'.</msg>
<status status="PASS" starttime="20220224 20:53:16.286" endtime="20220224 20:53:16.381"/>
</kw>
<kw name="Sleep" library="BuiltIn">
<arg>2s</arg>
<doc>Pauses the test executed for the given time.</doc>
<msg timestamp="20220224 20:53:18.382" level="INFO">Slept 2 seconds</msg>
<status status="PASS" starttime="20220224 20:53:16.381" endtime="20220224 20:53:18.382"/>
</kw>
<kw name="Input Text" library="SeleniumLibrary">
<arg>xpath=//*[@id="judul"]</arg>
<arg>${prod}</arg>
<doc>Types the given ``text`` into the text field identified by ``locator``.</doc>
<msg timestamp="20220224 20:53:18.383" level="INFO">Typing text 'SOLAR PANEL INSTALLATION PAKET 20 KWP' into text field 'xpath=//*[@id="judul"]'.</msg>
<status status="PASS" starttime="20220224 20:53:18.383" endtime="20220224 20:53:18.611"/>
</kw>
<kw name="Sleep" library="BuiltIn">
<arg>2s</arg>
<doc>Pauses the test executed for the given time.</doc>
<msg timestamp="20220224 20:53:20.612" level="INFO">Slept 2 seconds</msg>
<status status="PASS" starttime="20220224 20:53:18.611" endtime="20220224 20:53:20.612"/>
</kw>
<kw name="Input Text" library="SeleniumLibrary">
<arg>xpath=//*[@id="harga"]</arg>
<arg>${jbdtk}</arg>
<doc>Types the given ``text`` into the text field identified by ``locator``.</doc>
<msg timestamp="20220224 20:53:20.614" level="INFO">Typing text '445200000' into text field 'xpath=//*[@id="harga"]'.</msg>
<status status="PASS" starttime="20220224 20:53:20.613" endtime="20220224 20:53:20.734"/>
</kw>
<kw name="Sleep" library="BuiltIn">
<arg>2s</arg>
<doc>Pauses the test executed for the given time.</doc>
<msg timestamp="20220224 20:53:22.735" level="INFO">Slept 2 seconds</msg>
<status status="PASS" starttime="20220224 20:53:20.734" endtime="20220224 20:53:22.735"/>
</kw>
<kw name="Input Text" library="SeleniumLibrary">
<arg>xpath=//*[@id="harga1"]</arg>
<arg>${jt}</arg>
<doc>Types the given ``text`` into the text field identified by ``locator``.</doc>
<msg timestamp="20220224 20:53:22.736" level="INFO">Typing text '519400000' into text field 'xpath=//*[@id="harga1"]'.</msg>
<status status="PASS" starttime="20220224 20:53:22.736" endtime="20220224 20:53:22.882"/>
</kw>
<kw name="Sleep" library="BuiltIn">
<arg>2s</arg>
<doc>Pauses the test executed for the given time.</doc>
<msg timestamp="20220224 20:53:24.883" level="INFO">Slept 2 seconds</msg>
<status status="PASS" starttime="20220224 20:53:22.882" endtime="20220224 20:53:24.883"/>
</kw>
<kw name="Input Text" library="SeleniumLibrary">
<arg>xpath=//*[@id="tipeukuran"]</arg>
<arg>${size}</arg>
<doc>Types the given ``text`` into the text field identified by ``locator``.</doc>
<msg timestamp="20220224 20:53:24.884" level="INFO">Typing text '20 KWP' into text field 'xpath=//*[@id="tipeukuran"]'.</msg>
<status status="PASS" starttime="20220224 20:53:24.884" endtime="20220224 20:53:25.009"/>
</kw>
<kw name="Sleep" library="BuiltIn">
<arg>2s</arg>
<doc>Pauses the test executed for the given time.</doc>
<msg timestamp="20220224 20:53:27.011" level="INFO">Slept 2 seconds</msg>
<status status="PASS" starttime="20220224 20:53:25.010" endtime="20220224 20:53:27.011"/>
</kw>
<kw name="Click Element" library="SeleniumLibrary">
<arg>xpath=//*[@id="kategori"]</arg>
<doc>Click the element identified by ``locator``.</doc>
<msg timestamp="20220224 20:53:27.012" level="INFO">Clicking element 'xpath=//*[@id="kategori"]'.</msg>
<status status="PASS" starttime="20220224 20:53:27.012" endtime="20220224 20:53:27.130"/>
</kw>
<kw name="Wait Until Element Is Visible" library="SeleniumLibrary">
<arg>xpath=/html/body/div[2]/div/div/div[2]/form/div/div/div[5]/select/option[${kat}]</arg>
<doc>Waits until the element ``locator`` is visible.</doc>
<status status="PASS" starttime="20220224 20:53:27.131" endtime="20220224 20:53:27.171"/>
</kw>
<kw name="Click Element" library="SeleniumLibrary">
<arg>xpath=/html/body/div[2]/div/div/div[2]/form/div/div/div[5]/select/option[${kat}]</arg>
<doc>Click the element identified by ``locator``.</doc>
<msg timestamp="20220224 20:53:27.172" level="INFO">Clicking element 'xpath=/html/body/div[2]/div/div/div[2]/form/div/div/div[5]/select/option[9]'.</msg>
<status status="PASS" starttime="20220224 20:53:27.171" endtime="20220224 20:53:27.508"/>
</kw>
<kw name="Sleep" library="BuiltIn">
<arg>2s</arg>
<doc>Pauses the test executed for the given time.</doc>
<msg timestamp="20220224 20:53:29.509" level="INFO">Slept 2 seconds</msg>
<status status="PASS" starttime="20220224 20:53:27.508" endtime="20220224 20:53:29.510"/>
</kw>
<kw name="Input Text" library="SeleniumLibrary">
<arg>xpath=//*[@id="stok"]</arg>
<arg>${stcok}</arg>
<doc>Types the given ``text`` into the text field identified by ``locator``.</doc>
<msg timestamp="20220224 20:53:29.511" level="INFO">Typing text '1' into text field 'xpath=//*[@id="stok"]'.</msg>
<status status="PASS" starttime="20220224 20:53:29.510" endtime="20220224 20:53:29.848"/>
</kw>
<kw name="Input Text" library="SeleniumLibrary">
<arg>xpath=//*[@id="pengarang"]</arg>
<arg>${satuan}</arg>
<doc>Types the given ``text`` into the text field identified by ``locator``.</doc>
<msg timestamp="20220224 20:53:29.849" level="INFO">Typing text 'LOT' into text field 'xpath=//*[@id="pengarang"]'.</msg>
<status status="PASS" starttime="20220224 20:53:29.848" endtime="20220224 20:53:29.944"/>
</kw>
<kw name="Input Text" library="SeleniumLibrary">
<arg>xpath=//*[@id="penerbit"]</arg>
<arg>${qty}</arg>
<doc>Types the given ``text`` into the text field identified by ``locator``.</doc>
<msg timestamp="20220224 20:53:29.945" level="INFO">Typing text '1' into text field 'xpath=//*[@id="penerbit"]'.</msg>
<status status="PASS" starttime="20220224 20:53:29.945" endtime="20220224 20:53:30.044"/>
</kw>
<kw name="Wait Until Element Is Visible" library="SeleniumLibrary">
<arg>xpath=//*[@id="cover"]</arg>
<arg>2s</arg>
<doc>Waits until the element ``locator`` is visible.</doc>
<status status="PASS" starttime="20220224 20:53:30.044" endtime="20220224 20:53:30.069"/>
</kw>
<kw name="Choose File" library="SeleniumLibrary">
<arg>xpath=//*[@id="cover"]</arg>
<arg>${url}</arg>
<doc>Inputs the ``file_path`` into the file input field ``locator``.</doc>
<msg timestamp="20220224 20:53:30.069" level="INFO">Sending /Users/andikaprananto/Pictures/Work/1/pc61.png to browser.</msg>
<status status="PASS" starttime="20220224 20:53:30.069" endtime="20220224 20:53:30.121"/>
</kw>
<kw name="Sleep" library="BuiltIn">
<arg>2s</arg>
<doc>Pauses the test executed for the given time.</doc>
<msg timestamp="20220224 20:53:32.123" level="INFO">Slept 2 seconds</msg>
<status status="PASS" starttime="20220224 20:53:30.122" endtime="20220224 20:53:32.123"/>
</kw>
<kw name="Click Element" library="SeleniumLibrary">
<arg>xpath=//button[contains(text(),'Tambah')]</arg>
<doc>Click the element identified by ``locator``.</doc>
<msg timestamp="20220224 20:53:32.125" level="INFO">Clicking element 'xpath=//button[contains(text(),'Tambah')]'.</msg>
<status status="PASS" starttime="20220224 20:53:32.124" endtime="20220224 20:53:37.731"/>
</kw>
<kw name="Go To" library="SeleniumLibrary">
<arg>https://katalog.nurinnia.co.id/admin/index.php</arg>
<doc>Navigates the current browser window to the provided ``url``.</doc>
<msg timestamp="20220224 20:53:37.732" level="INFO">Opening url 'https://katalog.nurinnia.co.id/admin/index.php'</msg>
<status status="PASS" starttime="20220224 20:53:37.731" endtime="20220224 20:53:37.927"/>
</kw>
<kw name="Sleep" library="BuiltIn">
<arg>2s</arg>
<doc>Pauses the test executed for the given time.</doc>
<msg timestamp="20220224 20:53:39.929" level="INFO">Slept 2 seconds</msg>
<status status="PASS" starttime="20220224 20:53:37.927" endtime="20220224 20:53:39.929"/>
</kw>
<kw name="Wait Until Element Is Visible" library="SeleniumLibrary">
<arg>xpath=//span[contains(text(),'LOGOUT')]</arg>
<doc>Waits until the element ``locator`` is visible.</doc>
<status status="PASS" starttime="20220224 20:53:39.929" endtime="20220224 20:53:39.958"/>
</kw>
<kw name="Click Element" library="SeleniumLibrary">
<arg>xpath=//span[contains(text(),'LOGOUT')]</arg>
<doc>Click the element identified by ``locator``.</doc>
<msg timestamp="20220224 20:53:39.959" level="INFO">Clicking element 'xpath=//span[contains(text(),'LOGOUT')]'.</msg>
<status status="PASS" starttime="20220224 20:53:39.958" endtime="20220224 20:53:40.015"/>
</kw>
<kw name="Wait Until Element Is Visible" library="SeleniumLibrary">
<arg>xpath=//a[@class='c-btn large blue-bg']</arg>
<doc>Waits until the element ``locator`` is visible.</doc>
<status status="PASS" starttime="20220224 20:53:40.015" endtime="20220224 20:53:40.266"/>
</kw>
<kw name="Click Element" library="SeleniumLibrary">
<arg>xpath=//a[@class='c-btn large blue-bg']</arg>
<doc>Click the element identified by ``locator``.</doc>
<msg timestamp="20220224 20:53:40.266" level="INFO">Clicking element 'xpath=//a[@class='c-btn large blue-bg']'.</msg>
<status status="PASS" starttime="20220224 20:53:40.266" endtime="20220224 20:53:40.534"/>
</kw>
<status status="PASS" starttime="20220224 20:53:14.079" endtime="20220224 20:53:40.535"/>
</kw>
<status status="PASS" starttime="20220224 20:53:14.077" endtime="20220224 20:53:40.535"/>
</test>
<test id="s1-t7" name="LoginTestUsingExcel">
<kw name="InputDataUsingExcel">
<arg>nurinnia</arg>
<arg>Farrel110614</arg>
<arg>SOLAR PANEL INSTALLATION PAKET 30 KWP</arg>
<arg>577200000</arg>
<arg>673400000</arg>
<arg>30 KWP</arg>
<arg>9</arg>
<arg>1</arg>
<arg>LOT</arg>
<arg>1</arg>
<arg>/Users/andikaprananto/Pictures/Work/1/pc62.png</arg>
<kw name="Wait Until Element Is Visible" library="SeleniumLibrary">
<arg>xpath=//input[@type='text']</arg>
<doc>Waits until the element ``locator`` is visible.</doc>
<status status="PASS" starttime="20220224 20:53:40.548" endtime="20220224 20:53:40.578"/>
</kw>
<kw name="Input Text" library="SeleniumLibrary">
<arg>xpath=//input[@type='text']</arg>
<arg>${name}</arg>
<doc>Types the given ``text`` into the text field identified by ``locator``.</doc>
<msg timestamp="20220224 20:53:40.579" level="INFO">Typing text 'nurinnia' into text field 'xpath=//input[@type='text']'.</msg>
<status status="PASS" starttime="20220224 20:53:40.578" endtime="20220224 20:53:40.679"/>
</kw>
<kw name="Input Text" library="SeleniumLibrary">
<arg>xpath=//input[@type='password']</arg>
<arg>${pwd}</arg>
<doc>Types the given ``text`` into the text field identified by ``locator``.</doc>
<msg timestamp="20220224 20:53:40.680" level="INFO">Typing text 'Farrel110614' into text field 'xpath=//input[@type='password']'.</msg>
<status status="PASS" starttime="20220224 20:53:40.680" endtime="20220224 20:53:40.807"/>
</kw>
<kw name="Click Element" library="SeleniumLibrary">
<arg>xpath=//input[@type='submit']</arg>
<doc>Click the element identified by ``locator``.</doc>
<msg timestamp="20220224 20:53:40.808" level="INFO">Clicking element 'xpath=//input[@type='submit']'.</msg>
<status status="PASS" starttime="20220224 20:53:40.808" endtime="20220224 20:53:41.132"/>
</kw>
<kw name="Click Element" library="SeleniumLibrary">
<arg>xpath=//span[contains(text(),'PRODUCT AREA')]</arg>
<doc>Click the element identified by ``locator``.</doc>
<msg timestamp="20220224 20:53:41.133" level="INFO">Clicking element 'xpath=//span[contains(text(),'PRODUCT AREA')]'.</msg>
<status status="PASS" starttime="20220224 20:53:41.133" endtime="20220224 20:53:41.327"/>
</kw>
<kw name="Wait Until Element Is Visible" library="SeleniumLibrary">
<arg>xpath=//a[contains(text(),'DATA PRODUCT')]</arg>
<doc>Waits until the element ``locator`` is visible.</doc>
<status status="PASS" starttime="20220224 20:53:41.328" endtime="20220224 20:53:41.397"/>
</kw>
<kw name="Click Element" library="SeleniumLibrary">
<arg>xpath=//a[contains(text(),'DATA PRODUCT')]</arg>
<doc>Click the element identified by ``locator``.</doc>
<msg timestamp="20220224 20:53:41.399" level="INFO">Clicking element 'xpath=//a[contains(text(),'DATA PRODUCT')]'.</msg>
<status status="PASS" starttime="20220224 20:53:41.397" endtime="20220224 20:53:43.009"/>
</kw>
<kw name="Wait Until Element Is Visible" library="SeleniumLibrary">
<arg>xpath=//a[@class='icon-btn pulse-grow']</arg>
<doc>Waits until the element ``locator`` is visible.</doc>
<status status="PASS" starttime="20220224 20:53:43.010" endtime="20220224 20:53:43.054"/>
</kw>
<kw name="Click Element" library="SeleniumLibrary">
<arg>xpath=//a[@class='icon-btn pulse-grow']</arg>
<doc>Click the element identified by ``locator``.</doc>
<msg timestamp="20220224 20:53:43.054" level="INFO">Clicking element 'xpath=//a[@class='icon-btn pulse-grow']'.</msg>
<status status="PASS" starttime="20220224 20:53:43.054" endtime="20220224 20:53:43.172"/>
</kw>
<kw name="Sleep" library="BuiltIn">
<arg>2s</arg>
<doc>Pauses the test executed for the given time.</doc>
[...]
</kw>
<kw name="Input Text" library="SeleniumLibrary">
<arg>xpath=//input[@type='password']</arg>
<arg>${pwd}</arg>
<doc>Types the given ``text`` into the text field identified by ``locator``.</doc>
<msg timestamp="20220224 21:16:46.224" level="INFO">Typing text 'Farrel110614' into text field 'xpath=//input[@type='password']'.</msg>
<status status="PASS" starttime="20220224 21:16:46.223" endtime="20220224 21:16:46.351"/>
</kw>
<kw name="Click Element" library="SeleniumLibrary">
<arg>xpath=//input[@type='submit']</arg>
<doc>Click the element identified by ``locator``.</doc>
<msg timestamp="20220224 21:16:46.352" level="INFO">Clicking element 'xpath=//input[@type='submit']'.</msg>
<status status="PASS" starttime="20220224 21:16:46.352" endtime="20220224 21:16:46.642"/>
</kw>
<kw name="Click Element" library="SeleniumLibrary">
<arg>xpath=//span[contains(text(),'PRODUCT AREA')]</arg>
<doc>Click the element identified by ``locator``.</doc>
<msg timestamp="20220224 21:16:46.643" level="INFO">Clicking element 'xpath=//span[contains(text(),'PRODUCT AREA')]'.</msg>
<status status="PASS" starttime="20220224 21:16:46.642" endtime="20220224 21:16:46.748"/>
</kw>
<kw name="Wait Until Element Is Visible" library="SeleniumLibrary">
<arg>xpath=//a[contains(text(),'DATA PRODUCT')]</arg>
<doc>Waits until the element ``locator`` is visible.</doc>
<status status="PASS" starttime="20220224 21:16:46.749" endtime="20220224 21:16:46.817"/>
</kw>
<kw name="Click Element" library="SeleniumLibrary">
<arg>xpath=//a[contains(text(),'DATA PRODUCT')]</arg>
<doc>Click the element identified by ``locator``.</doc>
<msg timestamp="20220224 21:16:46.817" level="INFO">Clicking element 'xpath=//a[contains(text(),'DATA PRODUCT')]'.</msg>
<status status="PASS" starttime="20220224 21:16:46.817" endtime="20220224 21:16:49.122"/>
</kw>
<kw name="Wait Until Element Is Visible" library="SeleniumLibrary">
<arg>xpath=//a[@class='icon-btn pulse-grow']</arg>
<doc>Waits until the element ``locator`` is visible.</doc>
<status status="PASS" starttime="20220224 21:16:49.122" endtime="20220224 21:16:49.170"/>
</kw>
<kw name="Click Element" library="SeleniumLibrary">
<arg>xpath=//a[@class='icon-btn pulse-grow']</arg>
<doc>Click the element identified by ``locator``.</doc>
<msg timestamp="20220224 21:16:49.170" level="INFO">Clicking element 'xpath=//a[@class='icon-btn pulse-grow']'.</msg>
<status status="PASS" starttime="20220224 21:16:49.170" endtime="20220224 21:16:49.286"/>
</kw>
<kw name="Sleep" library="BuiltIn">
<arg>2s</arg>
<doc>Pauses the test executed for the given time.</doc>
<msg timestamp="20220224 21:16:51.287" level="INFO">Slept 2 seconds</msg>
<status status="PASS" starttime="20220224 21:16:49.286" endtime="20220224 21:16:51.287"/>
</kw>
<kw name="Input Text" library="SeleniumLibrary">
<arg>xpath=//*[@id="judul"]</arg>
<arg>${prod}</arg>
<doc>Types the given ``text`` into the text field identified by ``locator``.</doc>
<msg timestamp="20220224 21:16:51.287" level="INFO">Typing text 'ANCHOR BOLT M33' into text field 'xpath=//*[@id="judul"]'.</msg>
<status status="PASS" starttime="20220224 21:16:51.287" endtime="20220224 21:16:51.449"/>
</kw>
<kw name="Sleep" library="BuiltIn">
<arg>2s</arg>
<doc>Pauses the test executed for the given time.</doc>
<msg timestamp="20220224 21:16:53.451" level="INFO">Slept 2 seconds</msg>
<status status="PASS" starttime="20220224 21:16:51.449" endtime="20220224 21:16:53.451"/>
</kw>
<kw name="Input Text" library="SeleniumLibrary">
<arg>xpath=//*[@id="harga"]</arg>
<arg>${jbdtk}</arg>
<doc>Types the given ``text`` into the text field identified by ``locator``.</doc>
<msg timestamp="20220224 21:16:53.452" level="INFO">Typing text '606250' into text field 'xpath=//*[@id="harga"]'.</msg>
<status status="PASS" starttime="20220224 21:16:53.451" endtime="20220224 21:16:53.571"/>
</kw>
<kw name="Sleep" library="BuiltIn">
<arg>2s</arg>
<doc>Pauses the test executed for the given time.</doc>
<msg timestamp="20220224 21:16:55.574" level="INFO">Slept 2 seconds</msg>
<status status="PASS" starttime="20220224 21:16:53.571" endtime="20220224 21:16:55.574"/>
</kw>
<kw name="Input Text" library="SeleniumLibrary">
<arg>xpath=//*[@id="harga1"]</arg>
<arg>${jt}</arg>
<doc>Types the given ``text`` into the text field identified by ``locator``.</doc>
<msg timestamp="20220224 21:16:55.575" level="INFO">Typing text '727500' into text field 'xpath=//*[@id="harga1"]'.</msg>
<status status="PASS" starttime="20220224 21:16:55.574" endtime="20220224 21:16:55.678"/>
</kw>
<kw name="Sleep" library="BuiltIn">
<arg>2s</arg>
<doc>Pauses the test executed for the given time.</doc>
<msg timestamp="20220224 21:16:57.680" level="INFO">Slept 2 seconds</msg>
<status status="PASS" starttime="20220224 21:16:55.679" endtime="20220224 21:16:57.680"/>
</kw>
<kw name="Input Text" library="SeleniumLibrary">
<arg>xpath=//*[@id="tipeukuran"]</arg>
<arg>${size}</arg>
<doc>Types the given ``text`` into the text field identified by ``locator``.</doc>
<msg timestamp="20220224 21:16:57.681" level="INFO">Typing text 'M33' into text field 'xpath=//*[@id="tipeukuran"]'.</msg>
<status status="PASS" starttime="20220224 21:16:57.680" endtime="20220224 21:16:57.779"/>
</kw>
<kw name="Sleep" library="BuiltIn">
<arg>2s</arg>
<doc>Pauses the test executed for the given time.</doc>
<msg timestamp="20220224 21:16:59.780" level="INFO">Slept 2 seconds</msg>
<status status="PASS" starttime="20220224 21:16:57.779" endtime="20220224 21:16:59.780"/>
</kw>
<kw name="Click Element" library="SeleniumLibrary">
<arg>xpath=//*[@id="kategori"]</arg>
<doc>Click the element identified by ``locator``.</doc>
<msg timestamp="20220224 21:16:59.781" level="INFO">Clicking element 'xpath=//*[@id="kategori"]'.</msg>
<status status="PASS" starttime="20220224 21:16:59.780" endtime="20220224 21:16:59.874"/>
</kw>
<kw name="Wait Until Element Is Visible" library="SeleniumLibrary">
<arg>xpath=/html/body/div[2]/div/div/div[2]/form/div/div/div[5]/select/option[${kat}]</arg>
<doc>Waits until the element ``locator`` is visible.</doc>
<status status="PASS" starttime="20220224 21:16:59.874" endtime="20220224 21:16:59.904"/>
</kw>
<kw name="Click Element" library="SeleniumLibrary">
<arg>xpath=/html/body/div[2]/div/div/div[2]/form/div/div/div[5]/select/option[${kat}]</arg>
<doc>Click the element identified by ``locator``.</doc>
<msg timestamp="20220224 21:16:59.905" level="INFO">Clicking element 'xpath=/html/body/div[2]/div/div/div[2]/form/div/div/div[5]/select/option[10]'.</msg>
<status status="PASS" starttime="20220224 21:16:59.904" endtime="20220224 21:17:00.241"/>
</kw>
<kw name="Sleep" library="BuiltIn">
<arg>2s</arg>
<doc>Pauses the test executed for the given time.</doc>
<msg timestamp="20220224 21:17:02.244" level="INFO">Slept 2 seconds</msg>
<status status="PASS" starttime="20220224 21:17:00.241" endtime="20220224 21:17:02.244"/>
</kw>
<kw name="Input Text" library="SeleniumLibrary">
<arg>xpath=//*[@id="stok"]</arg>
<arg>${stcok}</arg>
<doc>Types the given ``text`` into the text field identified by ``locator``.</doc>
<msg timestamp="20220224 21:17:02.245" level="INFO">Typing text '200' into text field 'xpath=//*[@id="stok"]'.</msg>
<status status="PASS" starttime="20220224 21:17:02.244" endtime="20220224 21:17:02.584"/>
</kw>
<kw name="Input Text" library="SeleniumLibrary">
<arg>xpath=//*[@id="pengarang"]</arg>
<arg>${satuan}</arg>
<doc>Types the given ``text`` into the text field identified by ``locator``.</doc>
<msg timestamp="20220224 21:17:02.584" level="INFO">Typing text 'PCS' into text field 'xpath=//*[@id="pengarang"]'.</msg>
<status status="PASS" starttime="20220224 21:17:02.584" endtime="20220224 21:17:02.680"/>
</kw>
<kw name="Input Text" library="SeleniumLibrary">
<arg>xpath=//*[@id="penerbit"]</arg>
<arg>${qty}</arg>
<doc>Types the given ``text`` into the text field identified by ``locator``.</doc>
<msg timestamp="20220224 21:17:02.681" level="INFO">Typing text '1' into text field 'xpath=//*[@id="penerbit"]'.</msg>
<status status="PASS" starttime="20220224 21:17:02.681" endtime="20220224 21:17:02.778"/>
</kw>
<kw name="Wait Until Element Is Visible" library="SeleniumLibrary">
<arg>xpath=//*[@id="cover"]</arg>
<arg>2s</arg>
<doc>Waits until the element ``locator`` is visible.</doc>
<status status="PASS" starttime="20220224 21:17:02.778" endtime="20220224 21:17:02.815"/>
</kw>
<kw name="Choose File" library="SeleniumLibrary">
<arg>xpath=//*[@id="cover"]</arg>
<arg>${url}</arg>
<doc>Inputs the ``file_path`` into the file input field ``locator``.</doc>
<msg timestamp="20220224 21:17:02.815" level="INFO">Sending /Users/andikaprananto/Pictures/Work/1/pc96.png to browser.</msg>
<status status="PASS" starttime="20220224 21:17:02.815" endtime="20220224 21:17:02.863"/>
</kw>
<kw name="Sleep" library="BuiltIn">
<arg>2s</arg>
<doc>Pauses the test executed for the given time.</doc>
<msg timestamp="20220224 21:17:04.864" level="INFO">Slept 2 seconds</msg>
<status status="PASS" starttime="20220224 21:17:02.863" endtime="20220224 21:17:04.864"/>
</kw>
<kw name="Click Element" library="SeleniumLibrary">
<arg>xpath=//button[contains(text(),'Tambah')]</arg>
<doc>Click the element identified by ``locator``.</doc>
<msg timestamp="20220224 21:17:04.865" level="INFO">Clicking element 'xpath=//button[contains(text(),'Tambah')]'.</msg>
<status status="PASS" starttime="20220224 21:17:04.865" endtime="20220224 21:17:11.006"/>
</kw>
<kw name="Go To" library="SeleniumLibrary">
<arg>https://katalog.nurinnia.co.id/admin/index.php</arg>
<doc>Navigates the current browser window to the provided ``url``.</doc>
<msg timestamp="20220224 21:17:11.007" level="INFO">Opening url 'https://katalog.nurinnia.co.id/admin/index.php'</msg>
<status status="PASS" starttime="20220224 21:17:11.006" endtime="20220224 21:17:11.237"/>
</kw>
<kw name="Sleep" library="BuiltIn">
<arg>2s</arg>
<doc>Pauses the test executed for the given time.</doc>
<msg timestamp="20220224 21:17:13.239" level="INFO">Slept 2 seconds</msg>
<status status="PASS" starttime="20220224 21:17:11.237" endtime="20220224 21:17:13.240"/>
</kw>
<kw name="Wait Until Element Is Visible" library="SeleniumLibrary">
<arg>xpath=//span[contains(text(),'LOGOUT')]</arg>
<doc>Waits until the element ``locator`` is visible.</doc>
<status status="PASS" starttime="20220224 21:17:13.240" endtime="20220224 21:17:13.272"/>
</kw>
<kw name="Click Element" library="SeleniumLibrary">
<arg>xpath=//span[contains(text(),'LOGOUT')]</arg>
<doc>Click the element identified by ``locator``.</doc>
<msg timestamp="20220224 21:17:13.272" level="INFO">Clicking element 'xpath=//span[contains(text(),'LOGOUT')]'.</msg>
<status status="PASS" starttime="20220224 21:17:13.272" endtime="20220224 21:17:13.334"/>
</kw>
<kw name="Wait Until Element Is Visible" library="SeleniumLibrary">
<arg>xpath=//a[@class='c-btn large blue-bg']</arg>
<doc>Waits until the element ``locator`` is visible.</doc>
<status status="PASS" starttime="20220224 21:17:13.334" endtime="20220224 21:17:13.591"/>
</kw>
<kw name="Click Element" library="SeleniumLibrary">
<arg>xpath=//a[@class='c-btn large blue-bg']</arg>
<doc>Click the element identified by ``locator``.</doc>
<msg timestamp="20220224 21:17:13.591" level="INFO">Clicking element 'xpath=//a[@class='c-btn large blue-bg']'.</msg>
<status status="PASS" starttime="20220224 21:17:13.591" endtime="20220224 21:17:13.876"/>
</kw>
<status status="PASS" starttime="20220224 21:16:46.070" endtime="20220224 21:17:13.877"/>
</kw>
<status status="PASS" starttime="20220224 21:16:46.066" endtime="20220224 21:17:13.877"/>
</test>
<kw name="Closing My Browser" library="Resources" type="TEARDOWN">
<kw name="Close Browser" library="SeleniumLibrary">
<doc>Closes the current browser.</doc>
<status status="PASS" starttime="20220224 21:17:13.889" endtime="20220224 21:17:14.426"/>
</kw>
<status status="PASS" starttime="20220224 21:17:13.889" endtime="20220224 21:17:14.426"/>
</kw>
<status status="PASS" starttime="20220224 20:50:26.861" endtime="20220224 21:17:14.426"/>
</suite>
<statistics>
<total>
<stat pass="56" fail="0" skip="0">All Tests</stat>
</total>
<tag>
</tag>
<suite>
<stat pass="56" fail="0" skip="0" id="s1" name="DDT">DDT</stat>
</suite>
</statistics>
<errors>
<msg timestamp="20220224 20:51:26.147" level="WARN">Multiple test cases with name 'LoginTestUsingExcel' executed in test suite 'DDT'.</msg>
<msg timestamp="20220224 20:51:54.463" level="WARN">Multiple test cases with name 'LoginTestUsingExcel' executed in test suite 'DDT'.</msg>
<msg timestamp="20220224 20:52:20.238" level="WARN">Multiple test cases with name 'LoginTestUsingExcel' executed in test suite 'DDT'.</msg>
<msg timestamp="20220224 20:52:47.953" level="WARN">Multiple test cases with name 'LoginTestUsingExcel' executed in test suite 'DDT'.</msg>
<msg timestamp="20220224 20:53:14.076" level="WARN">Multiple test cases with name 'LoginTestUsingExcel' executed in test suite 'DDT'.</msg>
<msg timestamp="20220224 20:53:40.536" level="WARN">Multiple test cases with name 'LoginTestUsingExcel' executed in test suite 'DDT'.</msg>
<msg timestamp="20220224 20:54:08.604" level="WARN">Multiple test cases with name 'LoginTestUsingExcel' executed in test suite 'DDT'.</msg>
<msg timestamp="20220224 20:54:36.207" level="WARN">Multiple test cases with name 'LoginTestUsingExcel' executed in test suite 'DDT'.</msg>
<msg timestamp="20220224 20:55:06.074" level="WARN">Multiple test cases with name 'LoginTestUsingExcel' executed in test suite 'DDT'.</msg>
<msg timestamp="20220224 20:55:33.634" level="WARN">Multiple test cases with name 'LoginTestUsingExcel' executed in test suite 'DDT'.</msg>
<msg timestamp="20220224 20:56:02.160" level="WARN">Multiple test cases with name 'LoginTestUsingExcel' executed in test suite 'DDT'.</msg>
<msg timestamp="20220224 20:56:28.846" level="WARN">Multiple test cases with name 'LoginTestUsingExcel' executed in test suite 'DDT'.</msg>
<msg timestamp="20220224 20:56:58.107" level="WARN">Multiple test cases with name 'LoginTestUsingExcel' executed in test suite 'DDT'.</msg>
<msg timestamp="20220224 20:57:25.621" level="WARN">Multiple test cases with name 'LoginTestUsingExcel' executed in test suite 'DDT'.</msg>
<msg timestamp="20220224 20:57:51.185" level="WARN">Multiple test cases with name 'LoginTestUsingExcel' executed in test suite 'DDT'.</msg>
<msg timestamp="20220224 20:58:17.367" level="WARN">Multiple test cases with name 'LoginTestUsingExcel' executed in test suite 'DDT'.</msg>
<msg timestamp="20220224 20:58:42.668" level="WARN">Multiple test cases with name 'LoginTestUsingExcel' executed in test suite 'DDT'.</msg>
<msg timestamp="20220224 20:59:08.396" level="WARN">Multiple test cases with name 'LoginTestUsingExcel' executed in test suite 'DDT'.</msg>
<msg timestamp="20220224 20:59:35.181" level="WARN">Multiple test cases with name 'LoginTestUsingExcel' executed in test suite 'DDT'.</msg>
<msg timestamp="20220224 21:00:01.765" level="WARN">Multiple test cases with name 'LoginTestUsingExcel' executed in test suite 'DDT'.</msg>
<msg timestamp="20220224 21:00:27.998" level="WARN">Multiple test cases with name 'LoginTestUsingExcel' executed in test suite 'DDT'.</msg>
<msg timestamp="20220224 21:00:54.272" level="WARN">Multiple test cases with name 'LoginTestUsingExcel' executed in test suite 'DDT'.</msg>
<msg timestamp="20220224 21:01:23.778" level="WARN">Multiple test cases with name 'LoginTestUsingExcel' executed in test suite 'DDT'.</msg>
<msg timestamp="20220224 21:01:52.873" level="WARN">Multiple test cases with name 'LoginTestUsingExcel' executed in test suite 'DDT'.</msg>
<msg timestamp="20220224 21:02:22.019" level="WARN">Multiple test cases with name 'LoginTestUsingExcel' executed in test suite 'DDT'.</msg>
<msg timestamp="20220224 21:03:00.530" level="WARN">Multiple test cases with name 'LoginTestUsingExcel' executed in test suite 'DDT'.</msg>
<msg timestamp="20220224 21:03:27.623" level="WARN">Multiple test cases with name 'LoginTestUsingExcel' executed in test suite 'DDT'.</msg>
<msg timestamp="20220224 21:03:53.444" level="WARN">Multiple test cases with name 'LoginTestUsingExcel' executed in test suite 'DDT'.</msg>
<msg timestamp="20220224 21:04:22.645" level="WARN">Multiple test cases with name 'LoginTestUsingExcel' executed in test suite 'DDT'.</msg>
<msg timestamp="20220224 21:04:51.639" level="WARN">Multiple test cases with name 'LoginTestUsingExcel' executed in test suite 'DDT'.</msg>
<msg timestamp="20220224 21:05:24.220" level="WARN">Multiple test cases with name 'LoginTestUsingExcel' executed in test suite 'DDT'.</msg>
<msg timestamp="20220224 21:05:53.122" level="WARN">Multiple test cases with name 'LoginTestUsingExcel' executed in test suite 'DDT'.</msg>
<msg timestamp="20220224 21:06:21.792" level="WARN">Multiple test cases with name 'LoginTestUsingExcel' executed in test suite 'DDT'.</msg>
<msg timestamp="20220224 21:06:50.470" level="WARN">Multiple test cases with name 'LoginTestUsingExcel' executed in test suite 'DDT'.</msg>
<msg timestamp="20220224 21:07:19.120" level="WARN">Multiple test cases with name 'LoginTestUsingExcel' executed in test suite 'DDT'.</msg>
<msg timestamp="20220224 21:07:47.227" level="WARN">Multiple test cases with name 'LoginTestUsingExcel' executed in test suite 'DDT'.</msg>
<msg timestamp="20220224 21:08:15.825" level="WARN">Multiple test cases with name 'LoginTestUsingExcel' executed in test suite 'DDT'.</msg>
<msg timestamp="20220224 21:08:44.010" level="WARN">Multiple test cases with name 'LoginTestUsingExcel' executed in test suite 'DDT'.</msg>
<msg timestamp="20220224 21:09:11.971" level="WARN">Multiple test cases with name 'LoginTestUsingExcel' executed in test suite 'DDT'.</msg>
<msg timestamp="20220224 21:09:40.078" level="WARN">Multiple test cases with name 'LoginTestUsingExcel' executed in test suite 'DDT'.</msg>
<msg timestamp="20220224 21:10:08.024" level="WARN">Multiple test cases with name 'LoginTestUsingExcel' executed in test suite 'DDT'.</msg>
<msg timestamp="20220224 21:10:35.888" level="WARN">Multiple test cases with name 'LoginTestUsingExcel' executed in test suite 'DDT'.</msg>
<msg timestamp="20220224 21:11:05.519" level="WARN">Multiple test cases with name 'LoginTestUsingExcel' executed in test suite 'DDT'.</msg>
<msg timestamp="20220224 21:11:35.003" level="WARN">Multiple test cases with name 'LoginTestUsingExcel' executed in test suite 'DDT'.</msg>
<msg timestamp="20220224 21:12:04.419" level="WARN">Multiple test cases with name 'LoginTestUsingExcel' executed in test suite 'DDT'.</msg>
<msg timestamp="20220224 21:12:33.859" level="WARN">Multiple test cases with name 'LoginTestUsingExcel' executed in test suite 'DDT'.</msg>
<msg timestamp="20220224 21:13:03.880" level="WARN">Multiple test cases with name 'LoginTestUsingExcel' executed in test suite 'DDT'.</msg>
<msg timestamp="20220224 21:13:33.220" level="WARN">Multiple test cases with name 'LoginTestUsingExcel' executed in test suite 'DDT'.</msg>
<msg timestamp="20220224 21:14:00.495" level="WARN">Multiple test cases with name 'LoginTestUsingExcel' executed in test suite 'DDT'.</msg>
<msg timestamp="20220224 21:14:28.160" level="WARN">Multiple test cases with name 'LoginTestUsingExcel' executed in test suite 'DDT'.</msg>
<msg timestamp="20220224 21:14:55.237" level="WARN">Multiple test cases with name 'LoginTestUsingExcel' executed in test suite 'DDT'.</msg>
<msg timestamp="20220224 21:15:21.925" level="WARN">Multiple test cases with name 'LoginTestUsingExcel' executed in test suite 'DDT'.</msg>
<msg timestamp="20220224 21:15:51.221" level="WARN">Multiple test cases with name 'LoginTestUsingExcel' executed in test suite 'DDT'.</msg>
<msg timestamp="20220224 21:16:20.652" level="WARN">Multiple test cases with name 'LoginTestUsingExcel' executed in test suite 'DDT'.</msg>
<msg timestamp="20220224 21:16:46.066" level="WARN">Multiple test cases with name 'LoginTestUsingExcel' executed in test suite 'DDT'.</msg>
</errors>
</robot>
